TN:
SF:/home/travis/build/ivmartel/dwv/src/utils/string.js
FN:11,(anonymous_1)
FN:27,(anonymous_2)
FN:67,(anonymous_3)
FNF:3
FNH:3
FNDA:8,(anonymous_1)
FNDA:30,(anonymous_2)
FNDA:10,(anonymous_3)
DA:2,1
DA:4,1
DA:11,1
DA:13,8
DA:14,8
DA:15,5
DA:17,8
DA:27,1
DA:30,30
DA:32,30
DA:34,30
DA:35,30
DA:37,60
DA:39,60
DA:41,48
DA:46,12
DA:47,8
DA:49,12
DA:53,30
DA:67,1
DA:69,10
DA:71,10
DA:72,1
DA:74,9
DA:76,9
DA:77,2
DA:80,7
DA:81,7
DA:82,6
DA:83,6
DA:86,5
DA:90,5
DA:92,4
DA:93,4
DA:95,4
DA:98,5
DA:100,5
DA:104,7
LF:38
LH:38
BRDA:2,1,0,1
BRDA:2,1,1,1
BRDA:4,2,0,1
BRDA:4,2,1,1
BRDA:14,3,0,5
BRDA:14,3,1,3
BRDA:32,4,0,30
BRDA:32,4,1,0
BRDA:39,5,0,48
BRDA:39,5,1,12
BRDA:46,6,0,8
BRDA:46,6,1,4
BRDA:71,7,0,1
BRDA:71,7,1,9
BRDA:71,8,0,10
BRDA:71,8,1,9
BRDA:76,9,0,2
BRDA:76,9,1,7
BRDA:76,10,0,9
BRDA:76,10,1,8
BRDA:83,11,0,5
BRDA:83,11,1,1
BRDA:83,12,0,6
BRDA:83,12,1,6
BRDA:83,12,2,6
BRDA:83,12,3,6
BRDA:90,13,0,4
BRDA:90,13,1,1
BRDA:90,14,0,5
BRDA:90,14,1,5
BRDA:90,14,2,4
BRDA:92,15,0,4
BRDA:92,15,1,0
BRF:33
BRH:31
end_of_record
TN:
SF:/home/travis/build/ivmartel/dwv/src/utils/uri.js
FN:16,(anonymous_1)
FN:44,(anonymous_2)
FN:65,(anonymous_3)
FN:88,(anonymous_4)
FN:172,(anonymous_5)
FN:182,(anonymous_6)
FN:188,(anonymous_7)
FN:206,(anonymous_8)
FNF:8
FNH:4
FNDA:36,(anonymous_1)
FNDA:14,(anonymous_2)
FNDA:0,(anonymous_3)
FNDA:13,(anonymous_4)
FNDA:0,(anonymous_5)
FNDA:0,(anonymous_6)
FNDA:0,(anonymous_7)
FNDA:1,(anonymous_8)
DA:2,1
DA:3,1
DA:5,1
DA:16,1
DA:19,36
DA:21,36
DA:22,36
DA:24,30
DA:26,30
DA:27,30
DA:28,30
DA:30,30
DA:32,30
DA:35,36
DA:44,1
DA:47,14
DA:49,14
DA:50,1
DA:53,13
DA:65,1
DA:68,0
DA:69,0
DA:73,0
DA:88,1
DA:90,13
DA:93,13
DA:94,13
DA:95,2
DA:99,13
DA:101,13
DA:102,13
DA:104,2
DA:108,11
DA:110,11
DA:111,11
DA:113,21
DA:115,6
DA:116,6
DA:120,11
DA:122,5
DA:126,6
DA:128,6
DA:131,6
DA:132,5
DA:134,6
DA:135,6
DA:137,12
DA:138,6
DA:139,4
DA:141,6
DA:142,6
DA:146,6
DA:147,6
DA:149,16
DA:150,16
DA:151,5
DA:153,16
DA:154,10
DA:157,16
DA:158,16
DA:163,13
DA:172,1
DA:174,0
DA:175,0
DA:176,0
DA:179,0
DA:182,0
DA:184,0
DA:188,0
DA:190,0
DA:193,0
DA:194,0
DA:195,0
DA:196,0
DA:197,0
DA:198,0
DA:206,1
DA:208,1
DA:210,1
DA:211,1
DA:212,1
DA:214,1
DA:215,1
DA:216,0
DA:219,1
DA:220,1
DA:221,0
DA:223,1
DA:225,1
DA:226,1
DA:227,1
DA:229,1
DA:231,1
DA:233,1
DA:234,1
DA:235,0
DA:237,1
DA:238,2
DA:239,2
DA:243,2
DA:246,1
LF:101
LH:81
BRDA:2,1,0,1
BRDA:2,1,1,0
BRDA:3,2,0,1
BRDA:3,2,1,0
BRDA:5,3,0,1
BRDA:5,3,1,1
BRDA:22,4,0,30
BRDA:22,4,1,6
BRDA:22,5,0,36
BRDA:22,5,1,33
BRDA:27,6,0,30
BRDA:27,6,1,0
BRDA:49,7,0,1
BRDA:49,7,1,13
BRDA:68,8,0,0
BRDA:68,8,1,0
BRDA:68,9,0,0
BRDA:68,9,1,0
BRDA:94,10,0,2
BRDA:94,10,1,11
BRDA:102,11,0,2
BRDA:102,11,1,11
BRDA:113,12,0,6
BRDA:113,12,1,15
BRDA:120,13,0,5
BRDA:120,13,1,6
BRDA:131,14,0,5
BRDA:131,14,1,1
BRDA:137,15,0,6
BRDA:137,15,1,6
BRDA:138,16,0,4
BRDA:138,16,1,2
BRDA:150,17,0,5
BRDA:150,17,1,11
BRDA:153,18,0,10
BRDA:153,18,1,6
BRDA:175,19,0,0
BRDA:175,19,1,0
BRDA:215,20,0,0
BRDA:215,20,1,1
BRDA:220,21,0,0
BRDA:220,21,1,1
BRDA:226,22,0,1
BRDA:226,22,1,0
BRDA:234,23,0,0
BRDA:234,23,1,1
BRF:46
BRH:33
end_of_record
TN:
SF:/home/travis/build/ivmartel/dwv/src/dicom/dicomParser.js
FN:11,(anonymous_1)
FN:29,(anonymous_2)
FN:41,(anonymous_3)
FN:109,(anonymous_4)
FN:123,(anonymous_5)
FN:153,(anonymous_6)
FN:172,(anonymous_7)
FN:180,(anonymous_8)
FN:188,(anonymous_9)
FN:197,(anonymous_10)
FN:206,(anonymous_11)
FN:215,(anonymous_12)
FN:241,(anonymous_13)
FN:267,(anonymous_14)
FN:293,(anonymous_15)
FN:319,(anonymous_16)
FN:345,(anonymous_17)
FN:370,(anonymous_18)
FN:380,decodeString
FN:400,(anonymous_20)
FN:412,(anonymous_21)
FN:422,(anonymous_22)
FN:432,(anonymous_23)
FN:442,(anonymous_24)
FN:452,(anonymous_25)
FN:463,(anonymous_26)
FN:476,(anonymous_27)
FN:487,(anonymous_28)
FN:497,(anonymous_29)
FN:507,(anonymous_30)
FN:527,(anonymous_31)
FN:550,(anonymous_32)
FN:623,(anonymous_33)
FN:659,(anonymous_34)
FN:673,(anonymous_35)
FN:696,(anonymous_36)
FN:704,(anonymous_37)
FN:722,(anonymous_38)
FN:729,(anonymous_39)
FN:738,(anonymous_40)
FN:747,(anonymous_41)
FN:758,(anonymous_42)
FN:783,(anonymous_43)
FN:845,(anonymous_44)
FN:879,(anonymous_45)
FN:1130,(anonymous_46)
FN:1301,(anonymous_47)
FN:1309,(anonymous_48)
FN:1332,(anonymous_49)
FN:1377,(anonymous_50)
FN:1415,(anonymous_51)
FN:1663,(anonymous_52)
FN:1676,(anonymous_53)
FNF:53
FNH:34
FNDA:16,(anonymous_1)
FNDA:12,(anonymous_2)
FNDA:0,(anonymous_3)
FNDA:12,(anonymous_4)
FNDA:0,(anonymous_5)
FNDA:0,(anonymous_6)
FNDA:603,(anonymous_7)
FNDA:54,(anonymous_8)
FNDA:0,(anonymous_9)
FNDA:330,(anonymous_10)
FNDA:2,(anonymous_11)
FNDA:48,(anonymous_12)
FNDA:0,(anonymous_13)
FNDA:18,(anonymous_14)
FNDA:0,(anonymous_15)
FNDA:0,(anonymous_16)
FNDA:0,(anonymous_17)
FNDA:438,(anonymous_18)
FNDA:299,decodeString
FNDA:299,(anonymous_20)
FNDA:232,(anonymous_21)
FNDA:0,(anonymous_22)
FNDA:6,(anonymous_23)
FNDA:6,(anonymous_24)
FNDA:6,(anonymous_25)
FNDA:0,(anonymous_26)
FNDA:6,(anonymous_27)
FNDA:0,(anonymous_28)
FNDA:6,(anonymous_29)
FNDA:0,(anonymous_30)
FNDA:6,(anonymous_31)
FNDA:0,(anonymous_32)
FNDA:0,(anonymous_33)
FNDA:321,(anonymous_34)
FNDA:286,(anonymous_35)
FNDA:64,(anonymous_36)
FNDA:6,(anonymous_37)
FNDA:6,(anonymous_38)
FNDA:0,(anonymous_39)
FNDA:6,(anonymous_40)
FNDA:2,(anonymous_41)
FNDA:219,(anonymous_42)
FNDA:23,(anonymous_43)
FNDA:0,(anonymous_44)
FNDA:219,(anonymous_45)
FNDA:6,(anonymous_46)
FNDA:2,(anonymous_47)
FNDA:21,(anonymous_48)
FNDA:1,(anonymous_49)
FNDA:0,(anonymous_50)
FNDA:0,(anonymous_51)
FNDA:0,(anonymous_52)
FNDA:13,(anonymous_53)
DA:2,1
DA:4,1
DA:11,1
DA:13,16
DA:14,16
DA:16,13
DA:18,13
DA:19,6
DA:22,16
DA:29,1
DA:31,12
DA:41,1
DA:43,0
DA:44,0
DA:45,0
DA:47,0
DA:48,0
DA:50,0
DA:51,0
DA:53,0
DA:54,0
DA:56,0
DA:57,0
DA:59,0
DA:60,0
DA:62,0
DA:63,0
DA:65,0
DA:66,0
DA:68,0
DA:69,0
DA:71,0
DA:72,0
DA:74,0
DA:75,0
DA:77,0
DA:78,0
DA:80,0
DA:84,0
DA:88,0
DA:89,0
DA:91,0
DA:92,0
DA:94,0
DA:95,0
DA:97,0
DA:98,0
DA:100,0
DA:109,1
DA:112,12
DA:113,12
DA:117,12
DA:123,12
DA:124,0
DA:132,12
DA:139,12
DA:146,12
DA:153,12
DA:154,0
DA:155,0
DA:156,0
DA:157,0
DA:158,0
DA:159,0
DA:160,0
DA:161,0
DA:162,0
DA:172,12
DA:173,603
DA:180,12
DA:181,54
DA:188,12
DA:189,0
DA:197,12
DA:198,330
DA:206,12
DA:207,2
DA:215,12
DA:216,48
DA:217,48
DA:219,48
DA:220,27
DA:221,27
DA:222,0
DA:226,21
DA:227,21
DA:228,21
DA:233,48
DA:241,12
DA:242,0
DA:243,0
DA:245,0
DA:246,0
DA:247,0
DA:248,0
DA:252,0
DA:253,0
DA:254,0
DA:259,0
DA:267,12
DA:268,18
DA:269,18
DA:271,18
DA:272,16
DA:273,16
DA:274,0
DA:278,2
DA:279,2
DA:280,2
DA:285,18
DA:293,12
DA:294,0
DA:295,0
DA:297,0
DA:298,0
DA:299,0
DA:300,0
DA:304,0
DA:305,0
DA:306,0
DA:311,0
DA:319,12
DA:320,0
DA:321,0
DA:323,0
DA:324,0
DA:325,0
DA:326,0
DA:330,0
DA:331,0
DA:332,0
DA:337,0
DA:345,12
DA:346,0
DA:347,0
DA:349,0
DA:350,0
DA:351,0
DA:352,0
DA:356,0
DA:357,0
DA:358,0
DA:363,0
DA:370,12
DA:372,438
DA:374,438
DA:380,1
DA:381,299
DA:382,299
DA:383,0
DA:384,0
DA:387,299
DA:388,1904
DA:391,299
DA:400,12
DA:401,299
DA:402,299
DA:412,1
DA:414,232
DA:422,1
DA:424,0
DA:432,1
DA:434,6
DA:442,1
DA:444,6
DA:452,1
DA:454,6
DA:463,1
DA:465,0
DA:476,1
DA:478,6
DA:487,1
DA:489,0
DA:497,1
DA:499,6
DA:507,1
DA:509,0
DA:510,0
DA:511,0
DA:513,0
DA:514,0
DA:516,0
DA:517,0
DA:519,0
DA:527,1
DA:536,6
DA:550,1
DA:552,0
DA:554,0
DA:555,0
DA:558,0
DA:559,0
DA:562,0
DA:563,0
DA:566,0
DA:567,0
DA:570,0
DA:571,0
DA:572,0
DA:575,0
DA:579,0
DA:580,0
DA:581,0
DA:584,0
DA:588,0
DA:589,0
DA:592,0
DA:593,0
DA:596,0
DA:597,0
DA:598,0
DA:601,0
DA:605,0
DA:606,0
DA:609,0
DA:610,0
DA:613,0
DA:623,1
DA:625,0
DA:626,0
DA:627,0
DA:628,0
DA:631,0
DA:634,0
DA:635,0
DA:636,0
DA:639,0
DA:642,0
DA:643,0
DA:644,0
DA:647,0
DA:650,0
DA:659,1
DA:662,321
DA:673,1
DA:674,286
DA:696,1
DA:697,64
DA:704,1
DA:710,6
DA:717,6
DA:722,6
DA:723,6
DA:729,6
DA:730,0
DA:738,1
DA:740,6
DA:747,1
DA:749,2
DA:758,1
DA:761,219
DA:762,219
DA:764,219
DA:765,219
DA:767,219
DA:769,219
DA:783,1
DA:785,23
DA:788,23
DA:789,23
DA:792,23
DA:793,23
DA:794,6
DA:801,17
DA:804,17
DA:806,11
DA:808,9
DA:809,9
DA:810,9
DA:811,14
DA:812,14
DA:813,14
DA:820,6
DA:821,6
DA:822,12
DA:823,12
DA:824,12
DA:825,12
DA:826,6
DA:831,17
DA:845,1
DA:847,0
DA:850,0
DA:851,0
DA:852,0
DA:855,0
DA:856,0
DA:857,0
DA:858,0
DA:859,0
DA:860,0
DA:861,0
DA:865,0
DA:879,1
DA:882,219
DA:883,219
DA:886,219
DA:887,219
DA:888,219
DA:890,190
DA:891,0
DA:892,0
DA:893,0
DA:895,0
DA:897,0
DA:900,190
DA:901,190
DA:902,190
DA:904,190
DA:905,25
DA:910,29
DA:911,29
DA:915,219
DA:916,219
DA:917,54
DA:918,54
DA:921,165
DA:922,165
DA:926,219
DA:927,219
DA:928,12
DA:929,12
DA:932,219
DA:935,219
DA:936,219
DA:938,219
DA:940,0
DA:941,0
DA:942,0
DA:943,0
DA:945,219
DA:947,6
DA:948,6
DA:949,6
DA:951,0
DA:953,6
DA:954,0
DA:956,6
DA:957,0
DA:960,6
DA:961,6
DA:962,6
DA:965,6
DA:966,2
DA:967,2
DA:970,0
DA:973,4
DA:974,4
DA:975,4
DA:978,0
DA:981,0
DA:982,0
DA:983,0
DA:986,0
DA:989,0
DA:990,0
DA:991,0
DA:994,0
DA:997,6
DA:1000,213
DA:1002,2
DA:1003,2
DA:1005,211
DA:1007,0
DA:1008,0
DA:1010,211
DA:1012,0
DA:1013,0
DA:1015,211
DA:1017,0
DA:1018,0
DA:1021,211
DA:1023,42
DA:1024,42
DA:1026,169
DA:1028,18
DA:1029,18
DA:1031,151
DA:1033,0
DA:1034,0
DA:1036,151
DA:1038,0
DA:1039,0
DA:1041,151
DA:1043,0
DA:1044,0
DA:1046,151
DA:1048,0
DA:1049,0
DA:1052,151
DA:1054,2
DA:1055,2
DA:1056,2
DA:1057,2
DA:1058,2
DA:1059,2
DA:1060,2
DA:1061,2
DA:1062,2
DA:1063,2
DA:1064,2
DA:1065,2
DA:1069,149
DA:1071,29
DA:1072,29
DA:1075,120
DA:1077,17
DA:1078,17
DA:1080,17
DA:1082,11
DA:1083,9
DA:1084,9
DA:1085,11
DA:1086,11
DA:1087,11
DA:1094,6
DA:1095,6
DA:1096,12
DA:1097,12
DA:1098,12
DA:1100,12
DA:1101,6
DA:1109,103
DA:1110,103
DA:1111,103
DA:1115,219
DA:1130,1
DA:1132,6
DA:1133,6
DA:1135,6
DA:1136,6
DA:1139,6
DA:1140,6
DA:1141,6
DA:1142,6
DA:1144,0
DA:1148,6
DA:1149,6
DA:1151,6
DA:1153,6
DA:1156,6
DA:1157,6
DA:1160,18
DA:1161,18
DA:1163,18
DA:1167,6
DA:1169,0
DA:1171,6
DA:1174,6
DA:1175,0
DA:1180,6
DA:1181,0
DA:1185,6
DA:1186,0
DA:1190,6
DA:1191,0
DA:1195,6
DA:1198,146
DA:1200,146
DA:1201,0
DA:1202,0
DA:1203,0
DA:1206,0
DA:1207,0
DA:1209,0
DA:1212,146
DA:1214,146
DA:1218,6
DA:1219,0
DA:1224,6
DA:1226,6
DA:1227,6
DA:1228,2
DA:1231,6
DA:1233,6
DA:1236,0
DA:1240,6
DA:1241,6
DA:1242,6
DA:1243,6
DA:1244,6
DA:1246,6
DA:1247,6
DA:1248,6
DA:1249,36
DA:1250,36
DA:1253,6
DA:1259,0
DA:1260,0
DA:1262,0
DA:1263,0
DA:1269,0
DA:1270,0
DA:1271,0
DA:1272,0
DA:1273,0
DA:1275,0
DA:1276,0
DA:1277,0
DA:1280,0
DA:1282,0
DA:1283,0
DA:1284,0
DA:1285,0
DA:1287,0
DA:1290,0
DA:1301,1
DA:1309,2
DA:1311,21
DA:1312,21
DA:1314,21
DA:1315,21
DA:1316,21
DA:1318,19
DA:1319,15
DA:1322,4
DA:1325,21
DA:1332,2
DA:1333,1
DA:1334,1
DA:1335,1
DA:1336,1
DA:1337,1
DA:1338,1
DA:1339,1
DA:1340,24
DA:1341,24
DA:1343,24
DA:1344,24
DA:1346,24
DA:1349,24
DA:1350,24
DA:1353,0
DA:1356,24
DA:1357,23
DA:1360,1
DA:1363,24
DA:1364,24
DA:1365,24
DA:1366,24
DA:1368,24
DA:1370,1
DA:1377,2
DA:1378,0
DA:1379,0
DA:1380,0
DA:1381,0
DA:1382,0
DA:1383,0
DA:1384,0
DA:1385,0
DA:1388,0
DA:1390,0
DA:1391,0
DA:1392,0
DA:1393,0
DA:1394,0
DA:1395,0
DA:1396,0
DA:1397,0
DA:1398,0
DA:1399,0
DA:1400,0
DA:1401,0
DA:1403,0
DA:1405,0
DA:1415,1
DA:1418,0
DA:1421,0
DA:1422,0
DA:1423,0
DA:1425,0
DA:1428,0
DA:1429,0
DA:1432,0
DA:1435,0
DA:1437,0
DA:1438,0
DA:1441,0
DA:1445,0
DA:1448,0
DA:1449,0
DA:1450,0
DA:1451,0
DA:1452,0
DA:1454,0
DA:1456,0
DA:1457,0
DA:1458,0
DA:1462,0
DA:1463,0
DA:1464,0
DA:1467,0
DA:1468,0
DA:1471,0
DA:1480,0
DA:1481,0
DA:1482,0
DA:1483,0
DA:1484,0
DA:1485,0
DA:1486,0
DA:1488,0
DA:1489,0
DA:1491,0
DA:1492,0
DA:1493,0
DA:1494,0
DA:1497,0
DA:1499,0
DA:1502,0
DA:1504,0
DA:1505,0
DA:1508,0
DA:1509,0
DA:1512,0
DA:1514,0
DA:1515,0
DA:1516,0
DA:1517,0
DA:1520,0
DA:1522,0
DA:1523,0
DA:1524,0
DA:1528,0
DA:1529,0
DA:1530,0
DA:1531,0
DA:1533,0
DA:1534,0
DA:1537,0
DA:1540,0
DA:1545,0
DA:1546,0
DA:1547,0
DA:1548,0
DA:1551,0
DA:1552,0
DA:1553,0
DA:1555,0
DA:1556,0
DA:1558,0
DA:1559,0
DA:1560,0
DA:1561,0
DA:1562,0
DA:1563,0
DA:1566,0
DA:1569,0
DA:1572,0
DA:1573,0
DA:1574,0
DA:1575,0
DA:1576,0
DA:1577,0
DA:1578,0
DA:1582,0
DA:1583,0
DA:1584,0
DA:1585,0
DA:1588,0
DA:1590,0
DA:1591,0
DA:1592,0
DA:1594,0
DA:1595,0
DA:1597,0
DA:1598,0
DA:1599,0
DA:1600,0
DA:1604,0
DA:1605,0
DA:1606,0
DA:1608,0
DA:1609,0
DA:1615,0
DA:1616,0
DA:1620,0
DA:1621,0
DA:1622,0
DA:1624,0
DA:1625,0
DA:1631,0
DA:1632,0
DA:1635,0
DA:1636,0
DA:1637,0
DA:1638,0
DA:1639,0
DA:1640,0
DA:1641,0
DA:1644,0
DA:1650,0
DA:1651,0
DA:1654,0
DA:1663,1
DA:1666,0
DA:1676,1
DA:1678,13
DA:1679,13
DA:1680,13
DA:1681,13
DA:1682,13
DA:1683,13
DA:1684,13
DA:1686,13
DA:1688,13
DA:1689,68
DA:1690,68
DA:1691,68
DA:1692,5355
DA:1693,5355
DA:1694,13
DA:1698,13
DA:1700,13
DA:1701,13
DA:1703,13
LF:717
LH:336
BRDA:2,1,0,1
BRDA:2,1,1,0
BRDA:4,2,0,1
BRDA:4,2,1,1
BRDA:14,3,0,13
BRDA:14,3,1,3
BRDA:18,4,0,6
BRDA:18,4,1,7
BRDA:44,5,0,0
BRDA:44,5,1,0
BRDA:47,6,0,0
BRDA:47,6,1,0
BRDA:50,7,0,0
BRDA:50,7,1,0
BRDA:53,8,0,0
BRDA:53,8,1,0
BRDA:56,9,0,0
BRDA:56,9,1,0
BRDA:59,10,0,0
BRDA:59,10,1,0
BRDA:62,11,0,0
BRDA:62,11,1,0
BRDA:65,12,0,0
BRDA:65,12,1,0
BRDA:68,13,0,0
BRDA:68,13,1,0
BRDA:71,14,0,0
BRDA:71,14,1,0
BRDA:74,15,0,0
BRDA:74,15,1,0
BRDA:77,16,0,0
BRDA:77,16,1,0
BRDA:80,17,0,0
BRDA:80,17,1,0
BRDA:84,18,0,0
BRDA:84,18,1,0
BRDA:88,19,0,0
BRDA:88,19,1,0
BRDA:91,20,0,0
BRDA:91,20,1,0
BRDA:94,21,0,0
BRDA:94,21,1,0
BRDA:97,22,0,0
BRDA:97,22,1,0
BRDA:112,23,0,12
BRDA:112,23,1,0
BRDA:219,24,0,27
BRDA:219,24,1,21
BRDA:221,25,0,0
BRDA:221,25,1,27
BRDA:245,26,0,0
BRDA:245,26,1,0
BRDA:247,27,0,0
BRDA:247,27,1,0
BRDA:271,28,0,16
BRDA:271,28,1,2
BRDA:273,29,0,0
BRDA:273,29,1,16
BRDA:297,30,0,0
BRDA:297,30,1,0
BRDA:299,31,0,0
BRDA:299,31,1,0
BRDA:323,32,0,0
BRDA:323,32,1,0
BRDA:325,33,0,0
BRDA:325,33,1,0
BRDA:349,34,0,0
BRDA:349,34,1,0
BRDA:351,35,0,0
BRDA:351,35,1,0
BRDA:382,36,0,0
BRDA:382,36,1,299
BRDA:454,37,0,6
BRDA:454,37,1,6
BRDA:465,38,0,0
BRDA:465,38,1,0
BRDA:465,38,2,0
BRDA:465,38,3,0
BRDA:478,39,0,6
BRDA:478,39,1,6
BRDA:510,40,0,0
BRDA:510,40,1,0
BRDA:513,41,0,0
BRDA:513,41,1,0
BRDA:516,42,0,0
BRDA:516,42,1,0
BRDA:536,43,0,6
BRDA:536,43,1,6
BRDA:536,43,2,0
BRDA:536,43,3,0
BRDA:536,43,4,0
BRDA:536,43,5,0
BRDA:554,44,0,0
BRDA:554,44,1,0
BRDA:558,45,0,0
BRDA:558,45,1,0
BRDA:562,46,0,0
BRDA:562,46,1,0
BRDA:566,47,0,0
BRDA:566,47,1,0
BRDA:570,48,0,0
BRDA:570,48,1,0
BRDA:571,49,0,0
BRDA:571,49,1,0
BRDA:579,50,0,0
BRDA:579,50,1,0
BRDA:580,51,0,0
BRDA:580,51,1,0
BRDA:588,52,0,0
BRDA:588,52,1,0
BRDA:592,53,0,0
BRDA:592,53,1,0
BRDA:596,54,0,0
BRDA:596,54,1,0
BRDA:597,55,0,0
BRDA:597,55,1,0
BRDA:605,56,0,0
BRDA:605,56,1,0
BRDA:609,57,0,0
BRDA:609,57,1,0
BRDA:626,58,0,0
BRDA:626,58,1,0
BRDA:627,59,0,0
BRDA:627,59,1,0
BRDA:634,60,0,0
BRDA:634,60,1,0
BRDA:635,61,0,0
BRDA:635,61,1,0
BRDA:642,62,0,0
BRDA:642,62,1,0
BRDA:643,63,0,0
BRDA:643,63,1,0
BRDA:662,64,0,321
BRDA:662,64,1,313
BRDA:662,64,2,307
BRDA:662,64,3,307
BRDA:662,64,4,307
BRDA:662,64,5,307
BRDA:662,64,6,288
BRDA:674,65,0,286
BRDA:674,65,1,30
BRDA:674,65,2,12
BRDA:674,65,3,6
BRDA:697,66,0,4
BRDA:697,66,1,60
BRDA:793,67,0,6
BRDA:793,67,1,17
BRDA:804,68,0,11
BRDA:804,68,1,6
BRDA:806,69,0,9
BRDA:806,69,1,2
BRDA:825,70,0,6
BRDA:825,70,1,6
BRDA:860,71,0,0
BRDA:860,71,1,0
BRDA:888,72,0,190
BRDA:888,72,1,29
BRDA:890,73,0,0
BRDA:890,73,1,190
BRDA:893,74,0,0
BRDA:893,74,1,0
BRDA:893,75,0,0
BRDA:893,75,1,0
BRDA:904,76,0,25
BRDA:904,76,1,165
BRDA:916,77,0,54
BRDA:916,77,1,165
BRDA:927,78,0,12
BRDA:927,78,1,207
BRDA:938,79,0,0
BRDA:938,79,1,219
BRDA:938,80,0,219
BRDA:938,80,1,6
BRDA:945,81,0,6
BRDA:945,81,1,213
BRDA:945,82,0,219
BRDA:945,82,1,6
BRDA:945,82,2,4
BRDA:945,82,3,0
BRDA:945,82,4,0
BRDA:948,83,0,6
BRDA:948,83,1,0
BRDA:953,84,0,0
BRDA:953,84,1,6
BRDA:953,85,0,6
BRDA:953,85,1,2
BRDA:956,86,0,0
BRDA:956,86,1,6
BRDA:956,87,0,6
BRDA:956,87,1,4
BRDA:961,88,0,6
BRDA:961,88,1,0
BRDA:965,89,0,2
BRDA:965,89,1,4
BRDA:966,90,0,2
BRDA:966,90,1,0
BRDA:973,91,0,4
BRDA:973,91,1,0
BRDA:974,92,0,4
BRDA:974,92,1,0
BRDA:981,93,0,0
BRDA:981,93,1,0
BRDA:982,94,0,0
BRDA:982,94,1,0
BRDA:989,95,0,0
BRDA:989,95,1,0
BRDA:990,96,0,0
BRDA:990,96,1,0
BRDA:1000,97,0,2
BRDA:1000,97,1,211
BRDA:1005,98,0,0
BRDA:1005,98,1,211
BRDA:1010,99,0,0
BRDA:1010,99,1,211
BRDA:1015,100,0,0
BRDA:1015,100,1,211
BRDA:1021,101,0,42
BRDA:1021,101,1,169
BRDA:1026,102,0,18
BRDA:1026,102,1,151
BRDA:1031,103,0,0
BRDA:1031,103,1,151
BRDA:1036,104,0,0
BRDA:1036,104,1,151
BRDA:1041,105,0,0
BRDA:1041,105,1,151
BRDA:1046,106,0,0
BRDA:1046,106,1,151
BRDA:1052,107,0,2
BRDA:1052,107,1,149
BRDA:1069,108,0,29
BRDA:1069,108,1,120
BRDA:1075,109,0,17
BRDA:1075,109,1,103
BRDA:1080,110,0,11
BRDA:1080,110,1,6
BRDA:1082,111,0,9
BRDA:1082,111,1,2
BRDA:1100,112,0,6
BRDA:1100,112,1,6
BRDA:1142,113,0,0
BRDA:1142,113,1,6
BRDA:1167,114,0,0
BRDA:1167,114,1,6
BRDA:1174,115,0,0
BRDA:1174,115,1,6
BRDA:1180,116,0,0
BRDA:1180,116,1,6
BRDA:1185,117,0,0
BRDA:1185,117,1,6
BRDA:1190,118,0,0
BRDA:1190,118,1,6
BRDA:1200,119,0,0
BRDA:1200,119,1,146
BRDA:1202,120,0,0
BRDA:1202,120,1,0
BRDA:1218,121,0,0
BRDA:1218,121,1,6
BRDA:1224,122,0,6
BRDA:1224,122,1,0
BRDA:1227,123,0,2
BRDA:1227,123,1,4
BRDA:1231,124,0,6
BRDA:1231,124,1,0
BRDA:1233,125,0,0
BRDA:1233,125,1,6
BRDA:1233,126,0,6
BRDA:1233,126,1,6
BRDA:1233,126,2,6
BRDA:1260,127,0,0
BRDA:1260,127,1,0
BRDA:1260,128,0,0
BRDA:1260,128,1,0
BRDA:1311,129,0,21
BRDA:1311,129,1,0
BRDA:1316,130,0,19
BRDA:1316,130,1,2
BRDA:1318,131,0,15
BRDA:1318,131,1,4
BRDA:1318,132,0,19
BRDA:1318,132,1,15
BRDA:1344,133,0,24
BRDA:1344,133,1,0
BRDA:1344,134,0,24
BRDA:1344,134,1,24
BRDA:1349,135,0,24
BRDA:1349,135,1,0
BRDA:1356,136,0,23
BRDA:1356,136,1,1
BRDA:1384,137,0,0
BRDA:1384,137,1,0
BRDA:1394,138,0,0
BRDA:1394,138,1,0
BRDA:1394,139,0,0
BRDA:1394,139,1,0
BRDA:1418,140,0,0
BRDA:1418,140,1,0
BRDA:1423,141,0,0
BRDA:1423,141,1,0
BRDA:1423,142,0,0
BRDA:1423,142,1,0
BRDA:1432,143,0,0
BRDA:1432,143,1,0
BRDA:1432,144,0,0
BRDA:1432,144,1,0
BRDA:1432,144,2,0
BRDA:1437,145,0,0
BRDA:1437,145,1,0
BRDA:1441,146,0,0
BRDA:1441,146,1,0
BRDA:1441,146,2,0
BRDA:1456,147,0,0
BRDA:1456,147,1,0
BRDA:1456,148,0,0
BRDA:1456,148,1,0
BRDA:1456,148,2,0
BRDA:1462,149,0,0
BRDA:1462,149,1,0
BRDA:1467,150,0,0
BRDA:1467,150,1,0
BRDA:1471,151,0,0
BRDA:1471,151,1,0
BRDA:1471,152,0,0
BRDA:1471,152,1,0
BRDA:1471,152,2,0
BRDA:1471,152,3,0
BRDA:1471,152,4,0
BRDA:1471,152,5,0
BRDA:1471,152,6,0
BRDA:1471,152,7,0
BRDA:1471,152,8,0
BRDA:1485,153,0,0
BRDA:1485,153,1,0
BRDA:1488,154,0,0
BRDA:1488,154,1,0
BRDA:1491,155,0,0
BRDA:1491,155,1,0
BRDA:1493,156,0,0
BRDA:1493,156,1,0
BRDA:1504,157,0,0
BRDA:1504,157,1,0
BRDA:1514,158,0,0
BRDA:1514,158,1,0
BRDA:1516,159,0,0
BRDA:1516,159,1,0
BRDA:1530,160,0,0
BRDA:1530,160,1,0
BRDA:1533,161,0,0
BRDA:1533,161,1,0
BRDA:1546,162,0,0
BRDA:1546,162,1,0
BRDA:1552,163,0,0
BRDA:1552,163,1,0
BRDA:1555,164,0,0
BRDA:1555,164,1,0
BRDA:1562,165,0,0
BRDA:1562,165,1,0
BRDA:1572,166,0,0
BRDA:1572,166,1,0
BRDA:1577,167,0,0
BRDA:1577,167,1,0
BRDA:1584,168,0,0
BRDA:1584,168,1,0
BRDA:1598,169,0,0
BRDA:1598,169,1,0
BRDA:1605,170,0,0
BRDA:1605,170,1,0
BRDA:1621,171,0,0
BRDA:1621,171,1,0
BRDA:1635,172,0,0
BRDA:1635,172,1,0
BRDA:1693,173,0,13
BRDA:1693,173,1,5342
BRDA:1700,174,0,13
BRDA:1700,174,1,0
BRDA:1700,175,0,13
BRDA:1700,175,1,13
BRF:377
BRH:131
end_of_record
TN:
SF:/home/travis/build/ivmartel/dwv/src/dicom/dicomWriter.js
FN:22,(anonymous_1)
FN:35,(anonymous_2)
FN:46,(anonymous_3)
FN:57,(anonymous_4)
FN:68,(anonymous_5)
FN:79,(anonymous_6)
FN:90,(anonymous_7)
FN:101,(anonymous_8)
FN:112,(anonymous_9)
FN:123,(anonymous_10)
FN:136,(anonymous_11)
FN:152,(anonymous_12)
FN:165,(anonymous_13)
FN:178,(anonymous_14)
FN:191,(anonymous_15)
FN:204,(anonymous_16)
FN:217,(anonymous_17)
FN:230,(anonymous_18)
FN:243,(anonymous_19)
FN:256,(anonymous_20)
FN:274,(anonymous_21)
FN:317,(anonymous_22)
FN:375,(anonymous_23)
FN:431,(anonymous_24)
FN:498,(anonymous_25)
FN:507,(anonymous_26)
FN:518,(anonymous_27)
FN:529,(anonymous_28)
FN:540,(anonymous_29)
FN:558,(anonymous_30)
FN:562,(anonymous_31)
FN:563,(anonymous_32)
FN:564,(anonymous_33)
FN:570,(anonymous_34)
FN:613,(anonymous_35)
FN:651,(anonymous_36)
FNF:36
FNH:25
FNDA:2,(anonymous_1)
FNDA:1048578,(anonymous_2)
FNDA:0,(anonymous_3)
FNDA:1102,(anonymous_4)
FNDA:0,(anonymous_5)
FNDA:13,(anonymous_6)
FNDA:0,(anonymous_7)
FNDA:0,(anonymous_8)
FNDA:0,(anonymous_9)
FNDA:134,(anonymous_10)
FNDA:109,(anonymous_11)
FNDA:3,(anonymous_12)
FNDA:0,(anonymous_13)
FNDA:16,(anonymous_14)
FNDA:0,(anonymous_15)
FNDA:8,(anonymous_16)
FNDA:0,(anonymous_17)
FNDA:0,(anonymous_18)
FNDA:0,(anonymous_19)
FNDA:39,(anonymous_20)
FNDA:1,(anonymous_21)
FNDA:67,(anonymous_22)
FNDA:2,(anonymous_23)
FNDA:67,(anonymous_24)
FNDA:2,(anonymous_25)
FNDA:198,(anonymous_26)
FNDA:67,(anonymous_27)
FNDA:67,(anonymous_28)
FNDA:1,(anonymous_29)
FNDA:2,(anonymous_30)
FNDA:62,(anonymous_31)
FNDA:2,(anonymous_32)
FNDA:0,(anonymous_33)
FNDA:2,(anonymous_34)
FNDA:66,(anonymous_35)
FNDA:2,(anonymous_36)
DA:2,1
DA:3,1
DA:22,1
DA:25,2
DA:27,2
DA:35,2
DA:36,1048578
DA:37,1048578
DA:46,2
DA:47,0
DA:48,0
DA:57,2
DA:58,1102
DA:59,1102
DA:68,2
DA:69,0
DA:70,0
DA:79,2
DA:80,13
DA:81,13
DA:90,2
DA:91,0
DA:92,0
DA:101,2
DA:102,0
DA:103,0
DA:112,2
DA:113,0
DA:114,0
DA:123,2
DA:125,134
DA:126,134
DA:127,134
DA:136,2
DA:137,109
DA:138,634
DA:139,634
DA:141,109
DA:152,1
DA:153,3
DA:154,1048578
DA:156,3
DA:165,1
DA:166,0
DA:167,0
DA:169,0
DA:178,1
DA:179,16
DA:180,1040
DA:182,16
DA:191,1
DA:192,0
DA:193,0
DA:195,0
DA:204,1
DA:205,8
DA:206,8
DA:208,8
DA:217,1
DA:218,0
DA:219,0
DA:221,0
DA:230,1
DA:231,0
DA:232,0
DA:234,0
DA:243,1
DA:244,0
DA:245,0
DA:247,0
DA:256,1
DA:257,39
DA:259,40
DA:260,1
DA:263,40
DA:265,39
DA:274,1
DA:275,1
DA:276,1
DA:277,1
DA:278,1
DA:279,1
DA:280,0
DA:283,1
DA:284,1
DA:285,1
DA:287,1
DA:288,3
DA:289,2
DA:293,1
DA:294,0
DA:302,0
DA:307,1
DA:317,1
DA:319,67
DA:320,3
DA:322,64
DA:323,14
DA:325,50
DA:326,1
DA:327,0
DA:329,1
DA:332,49
DA:333,0
DA:335,49
DA:336,8
DA:338,41
DA:339,0
DA:341,41
DA:342,0
DA:344,41
DA:345,0
DA:347,41
DA:348,1
DA:350,40
DA:351,1
DA:352,1
DA:353,1
DA:354,1
DA:355,1
DA:356,1
DA:357,1
DA:360,39
DA:364,67
DA:375,1
DA:377,2
DA:378,2
DA:380,2
DA:381,1
DA:384,2
DA:387,0
DA:389,0
DA:398,0
DA:399,0
DA:409,0
DA:418,0
DA:422,2
DA:431,1
DA:432,67
DA:433,67
DA:435,67
DA:437,67
DA:439,67
DA:440,66
DA:442,66
DA:443,4
DA:448,67
DA:449,67
DA:452,0
DA:455,67
DA:456,5
DA:459,62
DA:463,67
DA:465,67
DA:466,0
DA:469,67
DA:470,2
DA:472,65
DA:476,67
DA:477,0
DA:485,0
DA:489,67
DA:498,1
DA:499,2
DA:507,1
DA:509,198
DA:518,1
DA:520,67
DA:529,1
DA:531,67
DA:540,1
DA:541,1
DA:542,1
DA:543,1
DA:545,1
DA:547,1
DA:548,16
DA:549,16
DA:551,1
DA:558,1
DA:561,2
DA:562,62
DA:563,2
DA:565,0
DA:566,0
DA:567,0
DA:568,0
DA:571,2
DA:572,2
DA:573,2
DA:574,2
DA:579,2
DA:592,2
DA:597,2
DA:613,2
DA:615,66
DA:616,66
DA:617,66
DA:618,66
DA:620,66
DA:621,66
DA:624,66
DA:626,66
DA:627,1
DA:630,65
DA:631,1
DA:634,64
DA:635,2
DA:639,62
DA:642,66
DA:651,1
DA:653,2
DA:656,2
DA:659,2
DA:660,0
DA:665,2
DA:666,2
DA:667,2
DA:668,2
DA:669,2
DA:670,2
DA:671,66
DA:672,66
DA:675,64
DA:676,64
DA:677,64
DA:680,64
DA:681,0
DA:685,64
DA:686,64
DA:687,8
DA:690,56
DA:696,2
DA:697,2
DA:698,2
DA:700,2
DA:702,2
DA:703,8
DA:706,2
DA:707,56
DA:711,2
LF:241
LH:192
BRDA:2,1,0,1
BRDA:2,1,1,0
BRDA:3,2,0,1
BRDA:3,2,1,0
BRDA:259,3,0,1
BRDA:259,3,1,39
BRDA:279,4,0,0
BRDA:279,4,1,1
BRDA:288,5,0,2
BRDA:288,5,1,1
BRDA:288,6,0,3
BRDA:288,6,1,2
BRDA:293,7,0,0
BRDA:293,7,1,1
BRDA:319,8,0,3
BRDA:319,8,1,64
BRDA:319,9,0,67
BRDA:319,9,1,65
BRDA:322,10,0,14
BRDA:322,10,1,50
BRDA:325,11,0,1
BRDA:325,11,1,49
BRDA:326,12,0,0
BRDA:326,12,1,1
BRDA:332,13,0,0
BRDA:332,13,1,49
BRDA:335,14,0,8
BRDA:335,14,1,41
BRDA:338,15,0,0
BRDA:338,15,1,41
BRDA:341,16,0,0
BRDA:341,16,1,41
BRDA:344,17,0,0
BRDA:344,17,1,41
BRDA:347,18,0,1
BRDA:347,18,1,40
BRDA:350,19,0,1
BRDA:350,19,1,39
BRDA:377,20,0,2
BRDA:377,20,1,0
BRDA:380,21,0,1
BRDA:380,21,1,1
BRDA:439,22,0,66
BRDA:439,22,1,1
BRDA:442,23,0,4
BRDA:442,23,1,62
BRDA:449,24,0,0
BRDA:449,24,1,67
BRDA:449,25,0,67
BRDA:449,25,1,67
BRDA:449,25,2,67
BRDA:455,26,0,5
BRDA:455,26,1,62
BRDA:455,27,0,67
BRDA:455,27,1,62
BRDA:465,28,0,0
BRDA:465,28,1,67
BRDA:469,29,0,2
BRDA:469,29,1,65
BRDA:476,30,0,0
BRDA:476,30,1,67
BRDA:509,31,0,198
BRDA:509,31,1,3
BRDA:520,32,0,67
BRDA:520,32,1,1
BRDA:531,33,0,67
BRDA:531,33,1,2
BRDA:620,34,0,66
BRDA:620,34,1,0
BRDA:620,35,0,66
BRDA:620,35,1,66
BRDA:626,36,0,1
BRDA:626,36,1,65
BRDA:630,37,0,1
BRDA:630,37,1,64
BRDA:630,38,0,65
BRDA:630,38,1,65
BRDA:634,39,0,2
BRDA:634,39,1,62
BRDA:659,40,0,0
BRDA:659,40,1,2
BRDA:672,41,0,64
BRDA:672,41,1,2
BRDA:680,42,0,0
BRDA:680,42,1,64
BRDA:686,43,0,8
BRDA:686,43,1,56
BRF:87
BRH:71
end_of_record
TN:
SF:/home/travis/build/ivmartel/dwv/src/dicom/dictionary.js
FNF:0
FNH:0
DA:2,1
DA:3,1
DA:16,1
DA:4213,1
LF:4
LH:4
BRDA:2,1,0,1
BRDA:2,1,1,0
BRDA:3,2,0,1
BRDA:3,2,1,0
BRF:4
BRH:2
end_of_record
TN:
SF:/home/travis/build/ivmartel/dwv/src/gui/html.js
FN:11,(anonymous_1)
FN:35,(anonymous_2)
FN:50,(anonymous_3)
FN:82,(anonymous_4)
FN:130,(anonymous_5)
FN:151,(anonymous_6)
FN:168,(anonymous_7)
FN:175,(anonymous_8)
FN:185,(anonymous_9)
FN:200,(anonymous_10)
FN:231,(anonymous_11)
FN:258,(anonymous_12)
FN:298,(anonymous_13)
FN:310,(anonymous_14)
FN:321,(anonymous_15)
FN:336,(anonymous_16)
FN:347,(anonymous_17)
FN:366,(anonymous_18)
FN:393,(anonymous_19)
FN:424,(anonymous_20)
FN:435,(anonymous_21)
FN:442,(anonymous_22)
FN:457,(anonymous_23)
FN:464,(anonymous_24)
FN:514,(anonymous_25)
FN:523,(anonymous_26)
FN:538,(anonymous_27)
FN:551,(anonymous_28)
FNF:28
FNH:6
FNDA:18,(anonymous_1)
FNDA:5,(anonymous_2)
FNDA:5,(anonymous_3)
FNDA:5,(anonymous_4)
FNDA:10,(anonymous_5)
FNDA:4,(anonymous_6)
FNDA:0,(anonymous_7)
FNDA:0,(anonymous_8)
FNDA:0,(anonymous_9)
FNDA:0,(anonymous_10)
FNDA:0,(anonymous_11)
FNDA:0,(anonymous_12)
FNDA:0,(anonymous_13)
FNDA:0,(anonymous_14)
FNDA:0,(anonymous_15)
FNDA:0,(anonymous_16)
FNDA:0,(anonymous_17)
FNDA:0,(anonymous_18)
FNDA:0,(anonymous_19)
FNDA:0,(anonymous_20)
FNDA:0,(anonymous_21)
FNDA:0,(anonymous_22)
FNDA:0,(anonymous_23)
FNDA:0,(anonymous_24)
FNDA:0,(anonymous_25)
FNDA:0,(anonymous_26)
FNDA:0,(anonymous_27)
FNDA:0,(anonymous_28)
DA:2,1
DA:4,1
DA:11,1
DA:13,18
DA:14,18
DA:16,18
DA:20,0
DA:21,0
DA:22,0
DA:24,0
DA:27,18
DA:35,1
DA:37,5
DA:38,5
DA:39,5
DA:50,1
DA:52,5
DA:54,5
DA:55,12
DA:57,12
DA:62,8
DA:63,3
DA:65,8
DA:69,4
DA:82,1
DA:84,5
DA:85,5
DA:86,5
DA:87,10
DA:89,10
DA:94,8
DA:95,4
DA:97,8
DA:98,2
DA:100,8
DA:104,2
DA:110,5
DA:111,2
DA:112,2
DA:113,2
DA:114,1
DA:116,2
DA:117,4
DA:130,1
DA:133,10
DA:134,5
DA:137,5
DA:138,5
DA:141,0
DA:151,1
DA:154,4
DA:155,0
DA:158,4
DA:159,4
DA:160,4
DA:168,1
DA:171,0
DA:172,0
DA:175,0
DA:176,0
DA:179,0
DA:180,0
DA:181,0
DA:183,0
DA:184,0
DA:185,0
DA:186,0
DA:188,0
DA:189,0
DA:191,0
DA:200,1
DA:202,0
DA:204,0
DA:207,0
DA:208,0
DA:209,0
DA:210,0
DA:211,0
DA:212,0
DA:213,0
DA:214,0
DA:216,0
DA:217,0
DA:220,0
DA:231,1
DA:232,0
DA:233,0
DA:235,0
DA:238,0
DA:243,0
DA:244,0
DA:246,0
DA:258,1
DA:259,0
DA:260,0
DA:262,0
DA:264,0
DA:265,0
DA:266,0
DA:268,0
DA:269,0
DA:271,0
DA:272,0
DA:274,0
DA:277,0
DA:281,0
DA:282,0
DA:284,0
DA:288,0
DA:298,1
DA:299,0
DA:300,0
DA:301,0
DA:302,0
DA:303,0
DA:310,1
DA:312,0
DA:313,0
DA:321,1
DA:323,0
DA:324,0
DA:327,0
DA:329,0
DA:330,0
DA:336,1
DA:337,0
DA:338,0
DA:347,1
DA:348,0
DA:349,0
DA:350,0
DA:352,0
DA:353,0
DA:354,0
DA:355,0
DA:366,1
DA:367,0
DA:368,0
DA:369,0
DA:371,0
DA:372,0
DA:373,0
DA:375,0
DA:376,0
DA:377,0
DA:378,0
DA:379,0
DA:380,0
DA:393,1
DA:395,0
DA:396,0
DA:397,0
DA:400,0
DA:402,0
DA:403,0
DA:406,0
DA:409,0
DA:411,0
DA:413,0
DA:416,0
DA:420,0
DA:423,0
DA:424,0
DA:425,0
DA:427,0
DA:429,0
DA:435,1
DA:436,0
DA:442,1
DA:443,0
DA:457,1
DA:459,0
DA:461,0
DA:462,0
DA:463,0
DA:464,0
DA:465,0
DA:466,0
DA:467,0
DA:468,0
DA:469,0
DA:472,0
DA:476,0
DA:478,0
DA:481,0
DA:482,0
DA:484,0
DA:486,0
DA:487,0
DA:488,0
DA:489,0
DA:492,0
DA:494,0
DA:496,0
DA:497,0
DA:498,0
DA:499,0
DA:504,0
DA:506,0
DA:514,1
DA:516,0
DA:523,1
DA:525,0
DA:526,0
DA:529,0
DA:538,1
DA:541,0
DA:543,0
DA:551,1
DA:553,0
DA:554,0
DA:556,0
DA:558,0
LF:213
LH:67
BRDA:2,1,0,1
BRDA:2,1,1,0
BRDA:4,2,0,1
BRDA:4,2,1,1
BRDA:16,3,0,0
BRDA:16,3,1,18
BRDA:16,4,0,18
BRDA:16,4,1,18
BRDA:16,4,2,18
BRDA:16,4,3,18
BRDA:16,4,4,18
BRDA:16,4,5,18
BRDA:20,5,0,0
BRDA:20,5,1,0
BRDA:57,6,0,8
BRDA:57,6,1,4
BRDA:57,7,0,12
BRDA:57,7,1,4
BRDA:57,7,2,4
BRDA:57,7,3,4
BRDA:57,7,4,4
BRDA:62,8,0,3
BRDA:62,8,1,5
BRDA:89,9,0,8
BRDA:89,9,1,2
BRDA:89,10,0,10
BRDA:89,10,1,4
BRDA:89,10,2,3
BRDA:89,10,3,3
BRDA:89,10,4,2
BRDA:94,11,0,4
BRDA:94,11,1,4
BRDA:97,12,0,2
BRDA:97,12,1,6
BRDA:97,13,0,8
BRDA:97,13,1,4
BRDA:110,14,0,2
BRDA:110,14,1,3
BRDA:113,15,0,1
BRDA:113,15,1,1
BRDA:133,16,0,5
BRDA:133,16,1,5
BRDA:137,17,0,5
BRDA:137,17,1,0
BRDA:154,18,0,0
BRDA:154,18,1,4
BRDA:213,19,0,0
BRDA:213,19,1,0
BRDA:216,20,0,0
BRDA:216,20,1,0
BRDA:235,21,0,0
BRDA:235,21,1,0
BRDA:235,22,0,0
BRDA:235,22,1,0
BRDA:235,22,2,0
BRDA:244,23,0,0
BRDA:244,23,1,0
BRDA:262,24,0,0
BRDA:262,24,1,0
BRDA:266,25,0,0
BRDA:266,25,1,0
BRDA:323,26,0,0
BRDA:323,26,1,0
BRDA:348,27,0,0
BRDA:348,27,1,0
BRDA:349,28,0,0
BRDA:349,28,1,0
BRDA:367,29,0,0
BRDA:367,29,1,0
BRDA:368,30,0,0
BRDA:368,30,1,0
BRDA:371,31,0,0
BRDA:371,31,1,0
BRDA:372,32,0,0
BRDA:372,32,1,0
BRDA:375,33,0,0
BRDA:375,33,1,0
BRDA:378,34,0,0
BRDA:378,34,1,0
BRDA:395,35,0,0
BRDA:395,35,1,0
BRDA:402,36,0,0
BRDA:402,36,1,0
BRDA:411,37,0,0
BRDA:411,37,1,0
BRDA:411,38,0,0
BRDA:411,38,1,0
BRDA:411,38,2,0
BRDA:462,39,0,0
BRDA:462,39,1,0
BRDA:463,40,0,0
BRDA:463,40,1,0
BRDA:467,41,0,0
BRDA:467,41,1,0
BRDA:468,42,0,0
BRDA:468,42,1,0
BRDA:482,43,0,0
BRDA:482,43,1,0
BRDA:492,44,0,0
BRDA:492,44,1,0
BRDA:516,45,0,0
BRDA:516,45,1,0
BRDA:525,46,0,0
BRDA:525,46,1,0
BRF:104
BRH:40
end_of_record
TN:
SF:/home/travis/build/ivmartel/dwv/src/image/filter.js
FN:11,(anonymous_1)
FN:30,(anonymous_2)
FN:35,(anonymous_3)
FN:40,(anonymous_4)
FN:45,(anonymous_5)
FN:50,(anonymous_6)
FN:62,(anonymous_7)
FN:67,(anonymous_8)
FN:74,(anonymous_9)
FN:79,(anonymous_10)
FN:94,(anonymous_11)
FN:100,(anonymous_12)
FN:111,(anonymous_13)
FN:116,(anonymous_14)
FN:123,(anonymous_15)
FN:137,(anonymous_16)
FN:143,(anonymous_17)
FN:154,(anonymous_18)
FN:159,(anonymous_19)
FN:166,(anonymous_20)
FN:180,(anonymous_21)
FNF:21
FNH:0
FNDA:0,(anonymous_1)
FNDA:0,(anonymous_2)
FNDA:0,(anonymous_3)
FNDA:0,(anonymous_4)
FNDA:0,(anonymous_5)
FNDA:0,(anonymous_6)
FNDA:0,(anonymous_7)
FNDA:0,(anonymous_8)
FNDA:0,(anonymous_9)
FNDA:0,(anonymous_10)
FNDA:0,(anonymous_11)
FNDA:0,(anonymous_12)
FNDA:0,(anonymous_13)
FNDA:0,(anonymous_14)
FNDA:0,(anonymous_15)
FNDA:0,(anonymous_16)
FNDA:0,(anonymous_17)
FNDA:0,(anonymous_18)
FNDA:0,(anonymous_19)
FNDA:0,(anonymous_20)
FNDA:0,(anonymous_21)
DA:2,1
DA:3,1
DA:5,1
DA:11,1
DA:18,0
DA:24,0
DA:30,0
DA:35,0
DA:40,0
DA:45,0
DA:50,0
DA:57,0
DA:62,0
DA:67,0
DA:74,1
DA:76,0
DA:77,0
DA:78,0
DA:79,0
DA:80,0
DA:81,0
DA:84,0
DA:87,0
DA:94,1
DA:100,0
DA:106,0
DA:111,0
DA:116,0
DA:123,1
DA:125,0
DA:127,0
DA:137,1
DA:143,0
DA:149,0
DA:154,0
DA:159,0
DA:166,1
DA:168,0
DA:170,0
DA:175,0
DA:180,0
LF:41
LH:9
BRDA:2,1,0,1
BRDA:2,1,1,0
BRDA:3,2,0,1
BRDA:3,2,1,1
BRDA:5,3,0,1
BRDA:5,3,1,1
BRDA:80,4,0,0
BRDA:80,4,1,0
BRDA:80,5,0,0
BRDA:80,5,1,0
BRF:10
BRH:5
end_of_record
TN:
SF:/home/travis/build/ivmartel/dwv/src/image/geometry.js
FN:12,(anonymous_1)
FN:18,(anonymous_2)
FN:23,(anonymous_3)
FN:28,(anonymous_4)
FN:35,(anonymous_5)
FN:43,(anonymous_6)
FN:52,(anonymous_7)
FN:66,(anonymous_8)
FN:82,(anonymous_9)
FN:88,(anonymous_10)
FN:93,(anonymous_11)
FN:98,(anonymous_12)
FN:106,(anonymous_13)
FN:121,(anonymous_14)
FN:137,(anonymous_15)
FN:142,(anonymous_16)
FN:147,(anonymous_17)
FN:152,(anonymous_18)
FN:157,(anonymous_19)
FN:163,(anonymous_20)
FN:194,(anonymous_21)
FN:212,(anonymous_22)
FN:223,(anonymous_23)
FN:234,(anonymous_24)
FN:247,(anonymous_25)
FNF:25
FNH:20
FNDA:22,(anonymous_1)
FNDA:169,(anonymous_2)
FNDA:113,(anonymous_3)
FNDA:87,(anonymous_4)
FNDA:90,(anonymous_5)
FNDA:31,(anonymous_6)
FNDA:3,(anonymous_7)
FNDA:5,(anonymous_8)
FNDA:13,(anonymous_9)
FNDA:7,(anonymous_10)
FNDA:5,(anonymous_11)
FNDA:5,(anonymous_12)
FNDA:3,(anonymous_13)
FNDA:15,(anonymous_14)
FNDA:6,(anonymous_15)
FNDA:3,(anonymous_16)
FNDA:119,(anonymous_17)
FNDA:0,(anonymous_18)
FNDA:0,(anonymous_19)
FNDA:3,(anonymous_20)
FNDA:6,(anonymous_21)
FNDA:0,(anonymous_22)
FNDA:50,(anonymous_23)
FNDA:0,(anonymous_24)
FNDA:0,(anonymous_25)
DA:2,1
DA:3,1
DA:12,1
DA:18,169
DA:23,113
DA:28,87
DA:35,1
DA:36,90
DA:43,1
DA:44,31
DA:52,1
DA:53,3
DA:66,1
DA:67,5
DA:70,2
DA:72,3
DA:82,1
DA:88,13
DA:93,13
DA:98,13
DA:106,1
DA:107,3
DA:121,1
DA:124,15
DA:125,0
DA:127,15
DA:129,15
DA:130,15
DA:137,15
DA:142,15
DA:147,119
DA:152,15
DA:157,15
DA:163,15
DA:169,3
DA:170,3
DA:171,3
DA:172,3
DA:174,6
DA:175,6
DA:177,1
DA:178,1
DA:182,3
DA:184,3
DA:185,3
DA:186,3
DA:194,15
DA:197,6
DA:199,6
DA:212,1
DA:213,0
DA:223,1
DA:224,50
DA:225,50
DA:234,1
DA:235,0
DA:236,0
DA:237,0
DA:247,1
DA:248,0
DA:249,0
DA:250,0
LF:62
LH:54
BRDA:2,1,0,1
BRDA:2,1,1,0
BRDA:3,2,0,1
BRDA:3,2,1,0
BRDA:28,3,0,87
BRDA:28,3,1,1
BRDA:53,4,0,3
BRDA:53,4,1,3
BRDA:53,4,2,2
BRDA:53,4,3,2
BRDA:67,5,0,2
BRDA:67,5,1,3
BRDA:67,6,0,5
BRDA:67,6,1,4
BRDA:67,6,2,3
BRDA:67,6,3,3
BRDA:67,6,4,3
BRDA:67,6,5,3
BRDA:98,7,0,5
BRDA:98,7,1,0
BRDA:107,8,0,3
BRDA:107,8,1,3
BRDA:107,8,2,2
BRDA:107,8,3,2
BRDA:124,9,0,0
BRDA:124,9,1,15
BRDA:129,10,0,15
BRDA:129,10,1,0
BRDA:175,11,0,1
BRDA:175,11,1,5
BRDA:185,12,0,2
BRDA:185,12,1,1
BRDA:213,13,0,0
BRDA:213,13,1,0
BRDA:213,13,2,0
BRDA:213,13,3,0
BRF:36
BRH:27
end_of_record
TN:
SF:/home/travis/build/ivmartel/dwv/src/image/image.js
FN:12,(anonymous_1)
FN:27,(anonymous_2)
FN:35,(anonymous_3)
FN:43,(anonymous_4)
FN:54,(anonymous_5)
FN:64,(anonymous_6)
FN:72,(anonymous_7)
FN:86,(anonymous_8)
FN:92,(anonymous_9)
FN:167,(anonymous_10)
FN:174,(anonymous_11)
FN:180,(anonymous_12)
FN:187,(anonymous_13)
FN:193,(anonymous_14)
FN:215,(anonymous_15)
FN:220,(anonymous_16)
FN:225,(anonymous_17)
FN:230,(anonymous_18)
FN:235,(anonymous_19)
FN:240,(anonymous_20)
FN:245,(anonymous_21)
FN:251,(anonymous_22)
FN:256,(anonymous_23)
FN:264,(anonymous_24)
FN:272,(anonymous_25)
FN:299,(anonymous_26)
FN:374,(anonymous_27)
FN:385,(anonymous_28)
FN:396,(anonymous_29)
FN:416,(anonymous_30)
FN:432,(anonymous_31)
FN:447,(anonymous_32)
FN:470,(anonymous_33)
FN:510,(anonymous_34)
FN:554,(anonymous_35)
FN:711,(anonymous_36)
FN:733,(anonymous_37)
FN:753,(anonymous_38)
FN:766,(anonymous_39)
FN:796,(anonymous_40)
FN:808,(anonymous_41)
FN:816,(anonymous_42)
FNF:42
FNH:35
FNDA:28,(anonymous_1)
FNDA:16,(anonymous_2)
FNDA:15,(anonymous_3)
FNDA:1044,(anonymous_4)
FNDA:0,(anonymous_5)
FNDA:10,(anonymous_6)
FNDA:6,(anonymous_7)
FNDA:24,(anonymous_8)
FNDA:11,(anonymous_9)
FNDA:79,(anonymous_10)
FNDA:5,(anonymous_11)
FNDA:3,(anonymous_12)
FNDA:38,(anonymous_13)
FNDA:6,(anonymous_14)
FNDA:7,(anonymous_15)
FNDA:0,(anonymous_16)
FNDA:13,(anonymous_17)
FNDA:7,(anonymous_18)
FNDA:7,(anonymous_19)
FNDA:6,(anonymous_20)
FNDA:2,(anonymous_21)
FNDA:15,(anonymous_22)
FNDA:10,(anonymous_23)
FNDA:49488,(anonymous_24)
FNDA:5,(anonymous_25)
FNDA:4,(anonymous_26)
FNDA:2,(anonymous_27)
FNDA:2,(anonymous_28)
FNDA:1,(anonymous_29)
FNDA:50,(anonymous_30)
FNDA:5,(anonymous_31)
FNDA:2,(anonymous_32)
FNDA:2,(anonymous_33)
FNDA:1,(anonymous_34)
FNDA:2,(anonymous_35)
FNDA:2,(anonymous_36)
FNDA:1,(anonymous_37)
FNDA:0,(anonymous_38)
FNDA:0,(anonymous_39)
FNDA:0,(anonymous_40)
FNDA:0,(anonymous_41)
FNDA:0,(anonymous_42)
DA:2,1
DA:4,1
DA:12,1
DA:27,28
DA:29,16
DA:35,28
DA:37,15
DA:43,28
DA:45,1044
DA:54,1
DA:55,0
DA:64,1
DA:65,10
DA:72,1
DA:73,6
DA:86,1
DA:92,24
DA:93,11
DA:101,24
DA:103,24
DA:104,27
DA:111,24
DA:117,24
DA:123,24
DA:129,24
DA:135,24
DA:142,24
DA:149,24
DA:155,24
DA:161,24
DA:167,79
DA:174,24
DA:180,24
DA:187,38
DA:193,24
DA:194,6
DA:195,1
DA:197,6
DA:200,6
DA:201,6
DA:202,6
DA:203,6
DA:204,1
DA:206,6
DA:207,0
DA:215,24
DA:220,24
DA:225,24
DA:230,24
DA:235,24
DA:240,24
DA:245,24
DA:251,24
DA:256,24
DA:264,24
DA:265,49488
DA:272,24
DA:275,5
DA:276,5
DA:277,5
DA:280,5
DA:282,5
DA:283,5
DA:284,5
DA:287,5
DA:288,5
DA:289,5
DA:291,5
DA:299,24
DA:302,4
DA:303,1
DA:305,3
DA:306,3
DA:307,3
DA:308,0
DA:310,3
DA:311,0
DA:313,3
DA:314,0
DA:316,3
DA:317,0
DA:320,3
DA:321,0
DA:322,0
DA:326,3
DA:329,3
DA:330,3
DA:331,0
DA:333,3
DA:336,3
DA:339,3
DA:340,3
DA:342,1
DA:343,1
DA:345,2
DA:347,1
DA:348,1
DA:352,1
DA:353,1
DA:354,1
DA:355,1
DA:359,3
DA:361,3
DA:364,3
DA:367,3
DA:374,24
DA:375,2
DA:376,2
DA:378,2
DA:385,24
DA:386,2
DA:387,2
DA:389,2
DA:396,24
DA:397,1
DA:398,1
DA:399,1
DA:400,1
DA:401,1
DA:403,1
DA:416,1
DA:418,50
DA:419,50
DA:420,50
DA:432,1
DA:434,5
DA:435,5
DA:436,5
DA:437,4
DA:439,5
DA:447,1
DA:449,2
DA:450,2
DA:451,2
DA:452,2
DA:453,2
DA:454,2
DA:455,2
DA:456,16388
DA:457,16388
DA:458,16388
DA:462,2
DA:470,1
DA:472,2
DA:473,2
DA:475,0
DA:476,0
DA:477,0
DA:478,0
DA:479,0
DA:485,0
DA:486,0
DA:487,0
DA:488,0
DA:489,0
DA:490,0
DA:491,0
DA:492,0
DA:493,0
DA:494,0
DA:495,0
DA:496,0
DA:502,0
DA:510,1
DA:512,1
DA:513,1
DA:514,1
DA:515,1
DA:516,1
DA:517,1
DA:518,1
DA:519,1
DA:520,1
DA:521,1
DA:522,1
DA:523,4
DA:524,16
DA:525,16
DA:526,16
DA:527,16
DA:528,16
DA:529,16
DA:530,16
DA:536,1
DA:537,1
DA:539,1
DA:540,1
DA:541,16
DA:544,1
DA:554,1
DA:556,2
DA:557,0
DA:560,2
DA:561,2
DA:563,2
DA:564,2
DA:565,2
DA:566,2
DA:567,2
DA:568,2
DA:571,2
DA:572,2
DA:573,2
DA:574,2
DA:576,0
DA:577,0
DA:579,0
DA:583,0
DA:591,2
DA:592,2
DA:593,2
DA:594,2
DA:600,2
DA:601,2
DA:602,2
DA:603,2
DA:605,2
DA:606,2
DA:607,2
DA:608,2
DA:610,2
DA:611,2
DA:612,2
DA:613,2
DA:616,2
DA:617,2
DA:618,2
DA:619,2
DA:622,2
DA:623,2
DA:624,2
DA:625,2
DA:628,2
DA:629,2
DA:630,2
DA:631,2
DA:633,2
DA:634,2
DA:635,2
DA:636,2
DA:638,2
DA:639,2
DA:640,2
DA:641,2
DA:647,2
DA:648,2
DA:649,2
DA:651,2
DA:652,2
DA:653,2
DA:655,2
DA:656,2
DA:657,2
DA:658,6
DA:659,18
DA:661,18
DA:662,2
DA:664,16
DA:665,2
DA:667,14
DA:668,2
DA:670,12
DA:671,2
DA:673,10
DA:674,2
DA:676,8
DA:677,2
DA:679,6
DA:680,2
DA:682,4
DA:683,2
DA:688,18
DA:689,18
DA:691,162
DA:693,18
DA:695,18
DA:701,2
DA:711,1
DA:713,2
DA:714,2
DA:715,2
DA:717,2
DA:719,18
DA:722,2
DA:733,1
DA:735,1
DA:736,1
DA:737,1
DA:739,1
DA:742,9
DA:745,1
DA:753,1
DA:755,0
DA:756,0
DA:758,0
DA:766,1
DA:768,0
DA:769,0
DA:771,0
DA:772,0
DA:773,0
DA:774,0
DA:775,0
DA:776,0
DA:777,0
DA:778,0
DA:781,0
DA:782,0
DA:796,1
DA:798,0
DA:799,0
DA:801,0
DA:808,1
DA:816,1
DA:819,0
DA:820,0
DA:821,0
DA:824,0
DA:825,0
DA:826,0
DA:829,0
DA:832,0
DA:833,0
DA:835,0
DA:837,0
DA:838,0
DA:839,0
DA:840,0
DA:842,0
DA:843,0
DA:844,0
DA:847,0
DA:850,0
DA:851,0
DA:852,0
DA:853,0
DA:854,0
DA:857,0
DA:859,0
DA:860,0
DA:861,0
DA:867,0
DA:868,0
DA:869,0
DA:870,0
DA:873,0
DA:876,0
DA:877,0
DA:884,0
DA:885,0
DA:888,0
DA:890,0
DA:891,0
DA:892,0
DA:894,0
DA:896,0
DA:898,0
DA:901,0
DA:902,0
DA:903,0
DA:907,0
DA:909,0
DA:910,0
DA:911,0
DA:913,0
DA:915,0
DA:916,0
DA:917,0
DA:919,0
DA:920,0
DA:923,0
DA:925,0
DA:926,0
DA:927,0
DA:930,0
DA:931,0
DA:932,0
DA:935,0
DA:936,0
DA:937,0
DA:940,0
DA:941,0
DA:942,0
DA:945,0
DA:946,0
DA:947,0
DA:948,0
DA:950,0
DA:952,0
LF:389
LH:264
BRDA:2,1,0,1
BRDA:2,1,1,0
BRDA:4,2,0,1
BRDA:4,2,1,0
BRDA:55,3,0,0
BRDA:55,3,1,0
BRDA:55,3,2,0
BRDA:73,4,0,6
BRDA:73,4,1,5
BRDA:194,5,0,1
BRDA:194,5,1,5
BRDA:203,6,0,1
BRDA:203,6,1,5
BRDA:206,7,0,0
BRDA:206,7,1,6
BRDA:206,8,0,6
BRDA:206,8,1,0
BRDA:302,9,0,1
BRDA:302,9,1,3
BRDA:307,10,0,0
BRDA:307,10,1,3
BRDA:310,11,0,0
BRDA:310,11,1,3
BRDA:313,12,0,0
BRDA:313,12,1,3
BRDA:316,13,0,0
BRDA:316,13,1,3
BRDA:321,14,0,0
BRDA:321,14,1,0
BRDA:326,15,0,3
BRDA:326,15,1,0
BRDA:330,16,0,0
BRDA:330,16,1,3
BRDA:330,17,0,3
BRDA:330,17,1,3
BRDA:340,18,0,1
BRDA:340,18,1,2
BRDA:345,19,0,1
BRDA:345,19,1,1
BRDA:375,20,0,2
BRDA:375,20,1,0
BRDA:386,21,0,2
BRDA:386,21,1,0
BRDA:397,22,0,1
BRDA:397,22,1,0
BRDA:418,23,0,50
BRDA:418,23,1,50
BRDA:434,24,0,5
BRDA:434,24,1,5
BRDA:436,25,0,4
BRDA:436,25,1,1
BRDA:457,26,0,16386
BRDA:457,26,1,2
BRDA:458,27,0,0
BRDA:458,27,1,16388
BRDA:472,28,0,2
BRDA:472,28,1,0
BRDA:475,29,0,0
BRDA:475,29,1,0
BRDA:480,30,0,0
BRDA:480,30,1,0
BRDA:481,31,0,0
BRDA:481,31,1,0
BRDA:495,32,0,0
BRDA:495,32,1,0
BRDA:496,33,0,0
BRDA:496,33,1,0
BRDA:525,34,0,15
BRDA:525,34,1,1
BRDA:526,35,0,0
BRDA:526,35,1,16
BRDA:528,36,0,15
BRDA:528,36,1,1
BRDA:529,37,0,0
BRDA:529,37,1,16
BRDA:530,38,0,16
BRDA:530,38,1,16
BRDA:541,39,0,16
BRDA:541,39,1,0
BRDA:556,40,0,0
BRDA:556,40,1,2
BRDA:574,41,0,0
BRDA:574,41,1,2
BRDA:577,42,0,0
BRDA:577,42,1,0
BRDA:661,43,0,2
BRDA:661,43,1,16
BRDA:661,44,0,18
BRDA:661,44,1,6
BRDA:664,45,0,2
BRDA:664,45,1,14
BRDA:664,46,0,16
BRDA:664,46,1,4
BRDA:667,47,0,2
BRDA:667,47,1,12
BRDA:667,48,0,14
BRDA:667,48,1,6
BRDA:670,49,0,2
BRDA:670,49,1,10
BRDA:670,50,0,12
BRDA:670,50,1,4
BRDA:673,51,0,2
BRDA:673,51,1,8
BRDA:673,52,0,10
BRDA:673,52,1,2
BRDA:673,52,2,2
BRDA:676,53,0,2
BRDA:676,53,1,6
BRDA:676,54,0,8
BRDA:676,54,1,2
BRDA:676,54,2,2
BRDA:679,55,0,2
BRDA:679,55,1,4
BRDA:679,56,0,6
BRDA:679,56,1,6
BRDA:679,56,2,6
BRDA:682,57,0,2
BRDA:682,57,1,2
BRDA:682,58,0,4
BRDA:682,58,1,4
BRDA:682,58,2,4
BRDA:820,59,0,0
BRDA:820,59,1,0
BRDA:825,60,0,0
BRDA:825,60,1,0
BRDA:838,61,0,0
BRDA:838,61,1,0
BRDA:838,62,0,0
BRDA:838,62,1,0
BRDA:838,62,2,0
BRDA:842,63,0,0
BRDA:842,63,1,0
BRDA:842,64,0,0
BRDA:842,64,1,0
BRDA:842,64,2,0
BRDA:860,65,0,0
BRDA:860,65,1,0
BRDA:869,66,0,0
BRDA:869,66,1,0
BRDA:891,67,0,0
BRDA:891,67,1,0
BRDA:894,68,0,0
BRDA:894,68,1,0
BRDA:894,69,0,0
BRDA:894,69,1,0
BRDA:894,69,2,0
BRDA:894,69,3,0
BRDA:894,69,4,0
BRDA:902,70,0,0
BRDA:902,70,1,0
BRDA:910,71,0,0
BRDA:910,71,1,0
BRDA:916,72,0,0
BRDA:916,72,1,0
BRDA:926,73,0,0
BRDA:926,73,1,0
BRDA:931,74,0,0
BRDA:931,74,1,0
BRDA:936,75,0,0
BRDA:936,75,1,0
BRDA:941,76,0,0
BRDA:941,76,1,0
BRDA:947,77,0,0
BRDA:947,77,1,0
BRF:164
BRH:84
end_of_record
TN:
SF:/home/travis/build/ivmartel/dwv/src/image/luts.js
FN:13,(anonymous_1)
FN:40,(anonymous_2)
FN:47,(anonymous_3)
FN:52,(anonymous_4)
FN:71,(anonymous_5)
FN:77,(anonymous_6)
FN:89,(anonymous_7)
FN:123,(anonymous_8)
FN:128,(anonymous_9)
FN:133,(anonymous_10)
FN:140,(anonymous_11)
FN:146,(anonymous_12)
FN:165,(anonymous_13)
FN:197,(anonymous_14)
FN:203,(anonymous_15)
FN:215,(anonymous_16)
FN:224,(anonymous_17)
FN:229,(anonymous_18)
FN:237,(anonymous_19)
FN:246,(anonymous_20)
FN:254,(anonymous_21)
FN:263,(anonymous_22)
FN:276,(anonymous_23)
FN:289,(anonymous_24)
FN:294,(anonymous_25)
FN:299,(anonymous_26)
FNF:26
FNH:18
FNDA:5,(anonymous_1)
FNDA:5,(anonymous_2)
FNDA:5,(anonymous_3)
FNDA:4,(anonymous_4)
FNDA:5,(anonymous_5)
FNDA:1280,(anonymous_6)
FNDA:5,(anonymous_7)
FNDA:0,(anonymous_8)
FNDA:0,(anonymous_9)
FNDA:5,(anonymous_10)
FNDA:0,(anonymous_11)
FNDA:8,(anonymous_12)
FNDA:5,(anonymous_13)
FNDA:0,(anonymous_14)
FNDA:32796,(anonymous_15)
FNDA:12,(anonymous_16)
FNDA:0,(anonymous_17)
FNDA:0,(anonymous_18)
FNDA:0,(anonymous_19)
FNDA:0,(anonymous_20)
FNDA:256,(anonymous_21)
FNDA:256,(anonymous_22)
FNDA:256,(anonymous_23)
FNDA:512,(anonymous_24)
FNDA:1024,(anonymous_25)
FNDA:768,(anonymous_26)
DA:2,1
DA:3,1
DA:5,1
DA:13,1
DA:20,5
DA:27,5
DA:34,5
DA:40,5
DA:47,5
DA:52,5
DA:55,4
DA:56,0
DA:59,4
DA:60,4
DA:61,1024
DA:64,4
DA:71,5
DA:77,5
DA:79,1280
DA:89,1
DA:96,5
DA:103,5
DA:110,5
DA:117,5
DA:123,5
DA:128,5
DA:133,5
DA:140,5
DA:146,5
DA:149,8
DA:151,8
DA:152,8
DA:153,8
DA:154,0
DA:155,0
DA:156,0
DA:159,8
DA:165,5
DA:168,5
DA:169,0
DA:173,5
DA:174,4
DA:177,5
DA:178,5
DA:180,4
DA:184,5
DA:186,1280
DA:190,5
DA:197,5
DA:203,5
DA:205,32796
DA:213,1
DA:215,1
DA:217,12
DA:218,12
DA:219,3072
DA:221,12
DA:224,1
DA:226,0
DA:229,1
DA:231,0
DA:232,0
DA:234,0
DA:237,1
DA:239,0
DA:240,0
DA:241,0
DA:243,0
DA:246,1
DA:248,0
DA:249,0
DA:251,0
DA:254,1
DA:256,256
DA:257,256
DA:258,170
DA:260,86
DA:263,1
DA:265,256
DA:266,256
DA:267,256
DA:268,170
DA:269,170
DA:270,85
DA:273,171
DA:276,1
DA:278,256
DA:279,256
DA:280,256
DA:281,85
DA:282,85
DA:283,0
DA:286,256
DA:289,1
DA:291,512
DA:294,1
DA:296,1024
DA:299,1
DA:301,768
DA:305,1
DA:312,1
DA:319,1
DA:326,1
DA:333,1
DA:340,1
DA:347,1
DA:354,1
DA:361,1
LF:108
LH:91
BRDA:2,1,0,1
BRDA:2,1,1,0
BRDA:3,2,0,1
BRDA:3,2,1,0
BRDA:5,3,0,1
BRDA:5,3,1,1
BRDA:55,4,0,0
BRDA:55,4,1,4
BRDA:153,5,0,0
BRDA:153,5,1,8
BRDA:168,6,0,0
BRDA:168,6,1,5
BRDA:173,7,0,4
BRDA:173,7,1,1
BRDA:178,8,0,4
BRDA:178,8,1,1
BRDA:231,9,0,0
BRDA:231,9,1,0
BRDA:240,10,0,0
BRDA:240,10,1,0
BRDA:240,11,0,0
BRDA:240,11,1,0
BRDA:248,12,0,0
BRDA:248,12,1,0
BRDA:257,13,0,170
BRDA:257,13,1,86
BRDA:267,14,0,170
BRDA:267,14,1,86
BRDA:269,15,0,85
BRDA:269,15,1,85
BRDA:280,16,0,85
BRDA:280,16,1,171
BRDA:282,17,0,0
BRDA:282,17,1,85
BRF:34
BRH:20
end_of_record
TN:
SF:/home/travis/build/ivmartel/dwv/src/image/reader.js
FN:13,(anonymous_1)
FN:51,(anonymous_2)
FN:86,(anonymous_3)
FN:102,(anonymous_4)
FN:119,(anonymous_5)
FN:133,(anonymous_6)
FN:155,(anonymous_7)
FN:161,(anonymous_8)
FN:168,(anonymous_9)
FN:169,(anonymous_10)
FN:214,(anonymous_11)
FN:221,(anonymous_12)
FN:228,(anonymous_13)
FNF:13
FNH:0
FNDA:0,(anonymous_1)
FNDA:0,(anonymous_2)
FNDA:0,(anonymous_3)
FNDA:0,(anonymous_4)
FNDA:0,(anonymous_5)
FNDA:0,(anonymous_6)
FNDA:0,(anonymous_7)
FNDA:0,(anonymous_8)
FNDA:0,(anonymous_9)
FNDA:0,(anonymous_10)
FNDA:0,(anonymous_11)
FNDA:0,(anonymous_12)
FNDA:0,(anonymous_13)
DA:2,1
DA:3,1
DA:13,1
DA:16,0
DA:17,0
DA:18,0
DA:19,0
DA:20,0
DA:21,0
DA:22,0
DA:25,0
DA:28,0
DA:30,0
DA:31,0
DA:32,0
DA:33,0
DA:35,0
DA:36,0
DA:37,0
DA:39,0
DA:41,0
DA:43,0
DA:51,1
DA:53,0
DA:54,0
DA:57,0
DA:58,0
DA:59,0
DA:60,0
DA:61,0
DA:63,0
DA:65,0
DA:66,0
DA:69,0
DA:70,0
DA:72,0
DA:73,0
DA:74,0
DA:76,0
DA:77,0
DA:79,0
DA:86,1
DA:89,0
DA:96,0
DA:102,0
DA:103,0
DA:112,0
DA:119,0
DA:122,0
DA:123,0
DA:125,0
DA:127,0
DA:128,0
DA:129,0
DA:130,0
DA:133,0
DA:135,0
DA:136,0
DA:138,0
DA:139,0
DA:141,0
DA:144,0
DA:145,0
DA:146,0
DA:147,0
DA:148,0
DA:150,0
DA:151,0
DA:155,0
DA:156,0
DA:160,0
DA:161,0
DA:162,0
DA:167,0
DA:168,0
DA:169,0
DA:171,0
DA:172,0
DA:174,0
DA:176,0
DA:178,0
DA:179,0
DA:185,0
DA:189,0
DA:191,0
DA:192,0
DA:200,0
DA:203,0
DA:205,0
DA:206,0
DA:214,1
DA:221,1
DA:228,1
LF:93
LH:8
BRDA:2,1,0,1
BRDA:2,1,1,0
BRDA:3,2,0,1
BRDA:3,2,1,0
BRDA:65,3,0,0
BRDA:65,3,1,0
BRDA:70,4,0,0
BRDA:70,4,1,0
BRDA:144,5,0,0
BRDA:144,5,1,0
BRDA:150,6,0,0
BRDA:150,6,1,0
BRDA:160,7,0,0
BRDA:160,7,1,0
BRDA:178,8,0,0
BRDA:178,8,1,0
BRDA:189,9,0,0
BRDA:189,9,1,0
BRF:18
BRH:2
end_of_record
TN:
SF:/home/travis/build/ivmartel/dwv/src/image/view.js
FN:14,(anonymous_1)
FN:68,init
FN:87,(anonymous_3)
FN:92,(anonymous_4)
FN:99,(anonymous_5)
FN:109,(anonymous_6)
FN:121,(anonymous_7)
FN:139,(anonymous_8)
FN:149,(anonymous_9)
FN:160,(anonymous_10)
FN:207,(anonymous_11)
FN:212,(anonymous_12)
FN:219,(anonymous_13)
FN:252,(anonymous_14)
FN:262,(anonymous_15)
FN:270,(anonymous_16)
FN:278,(anonymous_17)
FN:286,(anonymous_18)
FN:310,(anonymous_19)
FN:315,(anonymous_20)
FN:330,(anonymous_21)
FN:340,(anonymous_22)
FN:380,(anonymous_23)
FN:389,(anonymous_24)
FN:411,(anonymous_25)
FN:432,(anonymous_26)
FN:463,(anonymous_27)
FN:486,(anonymous_28)
FN:495,(anonymous_29)
FN:515,(anonymous_30)
FN:520,(anonymous_31)
FN:527,(anonymous_32)
FN:541,(anonymous_33)
FN:553,(anonymous_34)
FN:683,(anonymous_35)
FN:697,(anonymous_36)
FN:715,(anonymous_37)
FN:731,(anonymous_38)
FN:739,(anonymous_39)
FNF:39
FNH:21
FNDA:10,(anonymous_1)
FNDA:18,init
FNDA:2,(anonymous_3)
FNDA:2,(anonymous_4)
FNDA:0,(anonymous_5)
FNDA:8,(anonymous_6)
FNDA:1280,(anonymous_7)
FNDA:0,(anonymous_8)
FNDA:0,(anonymous_9)
FNDA:5,(anonymous_10)
FNDA:7,(anonymous_11)
FNDA:0,(anonymous_12)
FNDA:5,(anonymous_13)
FNDA:5,(anonymous_14)
FNDA:0,(anonymous_15)
FNDA:0,(anonymous_16)
FNDA:0,(anonymous_17)
FNDA:0,(anonymous_18)
FNDA:3,(anonymous_19)
FNDA:0,(anonymous_20)
FNDA:10,(anonymous_21)
FNDA:0,(anonymous_22)
FNDA:5,(anonymous_23)
FNDA:0,(anonymous_24)
FNDA:0,(anonymous_25)
FNDA:8,(anonymous_26)
FNDA:0,(anonymous_27)
FNDA:0,(anonymous_28)
FNDA:0,(anonymous_29)
FNDA:12,(anonymous_30)
FNDA:0,(anonymous_31)
FNDA:2,(anonymous_32)
FNDA:2,(anonymous_33)
FNDA:5,(anonymous_34)
FNDA:2,(anonymous_35)
FNDA:2,(anonymous_36)
FNDA:8,(anonymous_37)
FNDA:0,(anonymous_38)
FNDA:0,(anonymous_39)
DA:2,1
DA:3,1
DA:14,1
DA:17,10
DA:18,0
DA:26,10
DA:32,10
DA:38,10
DA:45,10
DA:51,10
DA:57,10
DA:63,10
DA:68,1
DA:69,18
DA:71,18
DA:72,18
DA:76,18
DA:77,18
DA:81,10
DA:87,10
DA:92,10
DA:99,10
DA:100,0
DA:101,0
DA:103,0
DA:109,10
DA:110,8
DA:112,8
DA:121,10
DA:123,1280
DA:124,258
DA:125,1022
DA:126,257
DA:128,765
DA:139,1
DA:140,0
DA:149,1
DA:150,0
DA:160,1
DA:167,5
DA:175,5
DA:182,5
DA:189,5
DA:195,5
DA:201,5
DA:207,7
DA:212,5
DA:219,5
DA:220,5
DA:222,5
DA:223,5
DA:226,5
DA:228,5
DA:232,0
DA:234,0
DA:236,0
DA:238,0
DA:244,5
DA:246,5
DA:252,5
DA:254,5
DA:255,5
DA:262,5
DA:263,0
DA:270,5
DA:271,0
DA:278,5
DA:279,0
DA:286,5
DA:287,0
DA:288,0
DA:289,0
DA:290,0
DA:291,0
DA:292,0
DA:295,0
DA:297,0
DA:301,0
DA:310,5
DA:315,5
DA:316,0
DA:318,0
DA:319,0
DA:321,0
DA:330,5
DA:332,10
DA:340,5
DA:342,0
DA:343,0
DA:346,0
DA:347,0
DA:349,0
DA:350,0
DA:353,0
DA:355,0
DA:361,0
DA:366,0
DA:367,0
DA:368,0
DA:373,0
DA:380,5
DA:381,5
DA:389,5
DA:391,0
DA:392,0
DA:395,0
DA:396,0
DA:398,0
DA:399,0
DA:401,0
DA:404,0
DA:411,5
DA:414,0
DA:416,0
DA:417,0
DA:423,0
DA:432,5
DA:435,8
DA:436,8
DA:437,8
DA:440,8
DA:442,5
DA:445,5
DA:446,5
DA:450,8
DA:451,8
DA:455,8
DA:463,5
DA:464,0
DA:465,0
DA:466,0
DA:469,0
DA:470,0
DA:473,0
DA:475,0
DA:477,0
DA:479,0
DA:486,5
DA:487,0
DA:488,0
DA:495,5
DA:497,0
DA:498,0
DA:499,0
DA:501,0
DA:502,0
DA:510,5
DA:515,12
DA:520,5
DA:527,1
DA:529,2
DA:530,2
DA:531,2
DA:532,2
DA:533,2
DA:534,2
DA:541,1
DA:544,2
DA:546,2
DA:553,1
DA:555,5
DA:557,5
DA:558,5
DA:559,5
DA:560,5
DA:562,5
DA:563,5
DA:564,5
DA:566,5
DA:567,5
DA:571,3
DA:572,3
DA:573,3
DA:575,32772
DA:577,32772
DA:578,32772
DA:579,32772
DA:580,32772
DA:581,32772
DA:583,3
DA:587,2
DA:589,2
DA:590,2
DA:591,0
DA:594,2
DA:595,2
DA:596,2
DA:597,2
DA:599,2
DA:600,1
DA:601,1
DA:602,1
DA:603,1
DA:606,2
DA:608,8
DA:610,8
DA:612,8
DA:614,8
DA:615,8
DA:617,8
DA:618,8
DA:619,8
DA:621,2
DA:630,0
DA:632,0
DA:633,0
DA:634,0
DA:637,0
DA:638,0
DA:639,0
DA:640,0
DA:642,0
DA:643,0
DA:644,0
DA:645,0
DA:646,0
DA:649,0
DA:650,0
DA:651,0
DA:653,0
DA:654,0
DA:655,0
DA:657,0
DA:658,0
DA:659,0
DA:661,0
DA:662,0
DA:663,0
DA:664,0
DA:665,0
DA:667,0
DA:668,0
DA:669,0
DA:671,0
DA:674,0
DA:683,1
DA:685,2
DA:686,2
DA:687,1
DA:689,2
DA:697,1
DA:699,2
DA:700,2
DA:701,0
DA:703,2
DA:705,3
DA:706,2
DA:715,1
DA:717,8
DA:718,8
DA:719,5
DA:721,3
DA:723,3
DA:731,1
DA:739,1
DA:742,0
DA:745,0
DA:748,0
DA:749,0
DA:750,0
DA:751,0
DA:752,0
DA:753,0
DA:754,0
DA:755,0
DA:756,0
DA:757,0
DA:758,0
DA:759,0
DA:761,0
DA:762,0
DA:764,0
DA:776,0
DA:779,0
DA:780,0
DA:781,0
DA:782,0
DA:783,0
DA:790,0
DA:792,0
LF:280
LH:154
BRDA:2,1,0,1
BRDA:2,1,1,0
BRDA:3,2,0,1
BRDA:3,2,1,0
BRDA:17,3,0,0
BRDA:17,3,1,10
BRDA:123,4,0,258
BRDA:123,4,1,1022
BRDA:125,5,0,257
BRDA:125,5,1,765
BRDA:140,6,0,0
BRDA:140,6,1,0
BRDA:140,6,2,0
BRDA:222,7,0,5
BRDA:222,7,1,0
BRDA:228,8,0,0
BRDA:228,8,1,5
BRDA:228,9,0,5
BRDA:228,9,1,0
BRDA:228,9,2,0
BRDA:234,10,0,0
BRDA:234,10,1,0
BRDA:291,11,0,0
BRDA:291,11,1,0
BRDA:292,12,0,0
BRDA:292,12,1,0
BRDA:292,13,0,0
BRDA:292,13,1,0
BRDA:318,14,0,0
BRDA:318,14,1,0
BRDA:342,15,0,0
BRDA:342,15,1,0
BRDA:346,16,0,0
BRDA:346,16,1,0
BRDA:353,17,0,0
BRDA:353,17,1,0
BRDA:366,18,0,0
BRDA:366,18,1,0
BRDA:367,19,0,0
BRDA:367,19,1,0
BRDA:391,20,0,0
BRDA:391,20,1,0
BRDA:391,21,0,0
BRDA:391,21,1,0
BRDA:398,22,0,0
BRDA:398,22,1,0
BRDA:398,23,0,0
BRDA:398,23,1,0
BRDA:416,24,0,0
BRDA:416,24,1,0
BRDA:435,25,0,8
BRDA:435,25,1,0
BRDA:440,26,0,5
BRDA:440,26,1,3
BRDA:465,27,0,0
BRDA:465,27,1,0
BRDA:469,28,0,0
BRDA:469,28,1,0
BRDA:469,29,0,0
BRDA:469,29,1,0
BRDA:475,30,0,0
BRDA:475,30,1,0
BRDA:475,31,0,0
BRDA:475,31,1,0
BRDA:560,32,0,0
BRDA:560,32,1,5
BRDA:567,33,0,0
BRDA:567,33,1,3
BRDA:567,33,2,2
BRDA:567,33,3,0
BRDA:567,33,4,0
BRDA:590,34,0,0
BRDA:590,34,1,2
BRDA:590,35,0,2
BRDA:590,35,1,1
BRDA:599,36,0,1
BRDA:599,36,1,1
BRDA:633,37,0,0
BRDA:633,37,1,0
BRDA:633,38,0,0
BRDA:633,38,1,0
BRDA:642,39,0,0
BRDA:642,39,1,0
BRDA:686,40,0,1
BRDA:686,40,1,1
BRDA:700,41,0,0
BRDA:700,41,1,2
BRDA:705,42,0,2
BRDA:705,42,1,1
BRDA:718,43,0,5
BRDA:718,43,1,3
BRDA:751,44,0,0
BRDA:751,44,1,0
BRDA:751,45,0,0
BRDA:751,45,1,0
BRDA:756,46,0,0
BRDA:756,46,1,0
BRDA:756,47,0,0
BRDA:756,47,1,0
BRDA:758,48,0,0
BRDA:758,48,1,0
BRDA:761,49,0,0
BRDA:761,49,1,0
BRDA:779,50,0,0
BRDA:779,50,1,0
BRF:105
BRH:28
end_of_record
TN:
SF:/home/travis/build/ivmartel/dwv/src/math/matrix.js
FN:9,(anonymous_1)
FN:25,(anonymous_2)
FN:35,(anonymous_3)
FN:47,(anonymous_4)
FN:58,(anonymous_5)
FN:78,(anonymous_6)
FNF:6
FNH:4
FNDA:18,(anonymous_1)
FNDA:37,(anonymous_2)
FNDA:2,(anonymous_3)
FNDA:0,(anonymous_4)
FNDA:0,(anonymous_5)
FNDA:17,(anonymous_6)
DA:2,1
DA:3,1
DA:9,1
DA:15,18
DA:16,18
DA:17,18
DA:18,18
DA:25,18
DA:26,37
DA:35,1
DA:36,2
DA:47,1
DA:48,0
DA:58,1
DA:60,0
DA:61,0
DA:62,0
DA:64,0
DA:65,0
DA:66,0
DA:68,0
DA:78,1
DA:79,17
LF:23
LH:15
BRDA:2,1,0,1
BRDA:2,1,1,0
BRDA:3,2,0,1
BRDA:3,2,1,1
BRDA:36,3,0,2
BRDA:36,3,1,2
BRDA:36,3,2,1
BRDA:36,3,3,1
BRDA:36,3,4,1
BRDA:36,3,5,1
BRDA:36,3,6,1
BRDA:36,3,7,1
BRDA:36,3,8,1
BRF:13
BRH:12
end_of_record
TN:
SF:/home/travis/build/ivmartel/dwv/src/math/point.js
FN:11,(anonymous_1)
FN:17,(anonymous_2)
FN:22,(anonymous_3)
FN:30,(anonymous_4)
FN:40,(anonymous_5)
FN:48,(anonymous_6)
FN:60,(anonymous_7)
FN:71,(anonymous_8)
FN:81,(anonymous_9)
FN:92,(anonymous_10)
FN:98,(anonymous_11)
FN:103,(anonymous_12)
FN:108,(anonymous_13)
FN:116,(anonymous_14)
FN:127,(anonymous_15)
FN:137,(anonymous_16)
FN:149,(anonymous_17)
FN:163,(anonymous_18)
FN:169,(anonymous_19)
FN:174,(anonymous_20)
FN:179,(anonymous_21)
FN:187,(anonymous_22)
FN:198,(anonymous_23)
FNF:23
FNH:23
FNDA:48,(anonymous_1)
FNDA:99,(anonymous_2)
FNDA:93,(anonymous_3)
FNDA:10,(anonymous_4)
FNDA:1,(anonymous_5)
FNDA:4,(anonymous_6)
FNDA:3,(anonymous_7)
FNDA:3,(anonymous_8)
FNDA:1,(anonymous_9)
FNDA:32,(anonymous_10)
FNDA:65,(anonymous_11)
FNDA:63,(anonymous_12)
FNDA:63,(anonymous_13)
FNDA:3,(anonymous_14)
FNDA:1,(anonymous_15)
FNDA:13,(anonymous_16)
FNDA:3,(anonymous_17)
FNDA:53,(anonymous_18)
FNDA:57,(anonymous_19)
FNDA:55,(anonymous_20)
FNDA:55,(anonymous_21)
FNDA:3,(anonymous_22)
FNDA:1,(anonymous_23)
DA:2,1
DA:3,1
DA:11,1
DA:17,99
DA:22,93
DA:30,1
DA:31,10
DA:40,1
DA:41,1
DA:48,1
DA:49,4
DA:60,1
DA:62,3
DA:63,3
DA:71,1
DA:72,3
DA:81,1
DA:82,1
DA:92,1
DA:98,65
DA:103,63
DA:108,63
DA:116,1
DA:117,3
DA:127,1
DA:128,1
DA:137,1
DA:138,13
DA:149,1
DA:150,3
DA:163,1
DA:169,57
DA:174,55
DA:179,55
DA:187,1
DA:188,3
DA:198,1
DA:199,1
LF:38
LH:38
BRDA:2,1,0,1
BRDA:2,1,1,0
BRDA:3,2,0,1
BRDA:3,2,1,0
BRDA:31,3,0,10
BRDA:31,3,1,9
BRDA:31,3,2,8
BRDA:72,4,0,3
BRDA:72,4,1,2
BRDA:72,4,2,1
BRDA:117,5,0,3
BRDA:117,5,1,2
BRDA:117,5,2,1
BRDA:117,5,3,1
BRDA:188,6,0,3
BRDA:188,6,1,2
BRDA:188,6,2,1
BRDA:188,6,3,1
BRF:18
BRH:16
end_of_record
TN:
SF:/home/travis/build/ivmartel/dwv/src/math/shapes.js
FN:11,(anonymous_1)
FN:24,(anonymous_2)
FN:29,(anonymous_3)
FN:34,(anonymous_4)
FN:41,(anonymous_5)
FN:54,(anonymous_6)
FN:67,(anonymous_7)
FN:72,(anonymous_8)
FN:77,(anonymous_9)
FN:82,(anonymous_10)
FN:89,(anonymous_11)
FN:101,(anonymous_12)
FN:126,(anonymous_13)
FN:131,(anonymous_14)
FN:136,(anonymous_15)
FN:141,(anonymous_16)
FN:146,(anonymous_17)
FN:153,(anonymous_18)
FN:163,(anonymous_19)
FN:173,(anonymous_20)
FN:181,(anonymous_21)
FN:189,(anonymous_22)
FN:203,(anonymous_23)
FN:226,(anonymous_24)
FN:281,(anonymous_25)
FN:305,(anonymous_26)
FN:310,(anonymous_27)
FN:315,(anonymous_28)
FN:320,(anonymous_29)
FN:325,(anonymous_30)
FN:330,(anonymous_31)
FN:335,(anonymous_32)
FN:340,(anonymous_33)
FN:351,(anonymous_34)
FN:365,(anonymous_35)
FN:370,(anonymous_36)
FN:375,(anonymous_37)
FN:380,(anonymous_38)
FN:391,(anonymous_39)
FN:411,(anonymous_40)
FN:420,(anonymous_41)
FN:434,(anonymous_42)
FN:442,(anonymous_43)
FN:450,(anonymous_44)
FN:464,(anonymous_45)
FN:472,(anonymous_46)
FNF:46
FNH:43
FNDA:1,(anonymous_1)
FNDA:1,(anonymous_2)
FNDA:1,(anonymous_3)
FNDA:1,(anonymous_4)
FNDA:1,(anonymous_5)
FNDA:1,(anonymous_6)
FNDA:1,(anonymous_7)
FNDA:1,(anonymous_8)
FNDA:1,(anonymous_9)
FNDA:1,(anonymous_10)
FNDA:1,(anonymous_11)
FNDA:13,(anonymous_12)
FNDA:4,(anonymous_13)
FNDA:4,(anonymous_14)
FNDA:6,(anonymous_15)
FNDA:6,(anonymous_16)
FNDA:1,(anonymous_17)
FNDA:1,(anonymous_18)
FNDA:1,(anonymous_19)
FNDA:9,(anonymous_20)
FNDA:5,(anonymous_21)
FNDA:4,(anonymous_22)
FNDA:3,(anonymous_23)
FNDA:3,(anonymous_24)
FNDA:1,(anonymous_25)
FNDA:1,(anonymous_26)
FNDA:1,(anonymous_27)
FNDA:2,(anonymous_28)
FNDA:2,(anonymous_29)
FNDA:1,(anonymous_30)
FNDA:1,(anonymous_31)
FNDA:1,(anonymous_32)
FNDA:1,(anonymous_33)
FNDA:1,(anonymous_34)
FNDA:2,(anonymous_35)
FNDA:2,(anonymous_36)
FNDA:2,(anonymous_37)
FNDA:0,(anonymous_38)
FNDA:1,(anonymous_39)
FNDA:2,(anonymous_40)
FNDA:1,(anonymous_41)
FNDA:2,(anonymous_42)
FNDA:2,(anonymous_43)
FNDA:1,(anonymous_44)
FNDA:0,(anonymous_45)
FNDA:0,(anonymous_46)
DA:2,1
DA:3,1
DA:11,1
DA:18,1
DA:24,1
DA:29,1
DA:34,1
DA:41,1
DA:43,1
DA:54,1
DA:61,1
DA:67,1
DA:72,1
DA:77,1
DA:82,1
DA:89,1
DA:91,1
DA:101,1
DA:108,13
DA:114,13
DA:120,13
DA:126,13
DA:131,13
DA:136,13
DA:141,13
DA:146,13
DA:153,13
DA:155,1
DA:156,1
DA:157,1
DA:163,13
DA:165,1
DA:173,13
DA:175,9
DA:181,13
DA:183,5
DA:189,13
DA:192,4
DA:194,4
DA:203,1
DA:205,3
DA:206,3
DA:207,3
DA:208,3
DA:210,3
DA:212,3
DA:214,3
DA:217,3
DA:226,1
DA:229,3
DA:230,3
DA:232,3
DA:233,3
DA:238,3
DA:240,2
DA:242,2
DA:251,2
DA:254,2
DA:255,2
DA:257,2
DA:258,2
DA:263,1
DA:264,1
DA:266,1
DA:267,1
DA:270,3
DA:281,1
DA:283,1
DA:284,1
DA:285,1
DA:286,1
DA:288,1
DA:289,1
DA:290,1
DA:291,1
DA:299,1
DA:305,1
DA:310,1
DA:315,2
DA:320,2
DA:325,1
DA:330,1
DA:335,1
DA:340,1
DA:342,1
DA:351,1
DA:358,1
DA:365,2
DA:370,2
DA:375,2
DA:380,1
DA:391,1
DA:397,1
DA:402,1
DA:411,1
DA:412,2
DA:420,1
DA:421,1
DA:422,1
DA:423,1
DA:426,0
DA:434,1
DA:435,2
DA:442,1
DA:443,2
DA:450,1
DA:451,1
DA:452,1
DA:453,1
DA:456,0
DA:464,1
DA:465,0
DA:472,1
DA:473,0
DA:474,0
DA:475,0
DA:476,0
DA:477,0
DA:479,0
LF:119
LH:110
BRDA:2,1,0,1
BRDA:2,1,1,0
BRDA:3,2,0,1
BRDA:3,2,1,0
BRDA:238,3,0,2
BRDA:238,3,1,1
BRDA:283,4,0,1
BRDA:283,4,1,0
BRDA:288,5,0,1
BRDA:288,5,1,0
BRDA:397,6,0,0
BRDA:397,6,1,1
BRDA:402,7,0,0
BRDA:402,7,1,1
BRDA:422,8,0,1
BRDA:422,8,1,0
BRDA:452,9,0,1
BRDA:452,9,1,0
BRF:18
BRH:10
end_of_record
TN:
SF:/home/travis/build/ivmartel/dwv/src/math/stats.js
FN:10,(anonymous_1)
FN:46,(anonymous_2)
FNF:2
FNH:2
FNDA:2,(anonymous_1)
FNDA:1002,(anonymous_2)
DA:2,1
DA:3,1
DA:10,1
DA:12,2
DA:13,2
DA:14,2
DA:15,2
DA:16,2
DA:17,2
DA:18,2
DA:20,2
DA:21,2
DA:22,25
DA:23,25
DA:24,1
DA:26,24
DA:27,5
DA:29,25
DA:30,25
DA:33,2
DA:35,2
DA:36,2
DA:38,2
DA:46,1
DA:48,1002
LF:25
LH:25
BRDA:2,1,0,1
BRDA:2,1,1,0
BRDA:3,2,0,1
BRDA:3,2,1,0
BRDA:23,3,0,1
BRDA:23,3,1,24
BRDA:26,4,0,5
BRDA:26,4,1,19
BRF:8
BRH:6
end_of_record
TN:
SF:/home/travis/build/ivmartel/dwv/src/math/vector.js
FN:12,(anonymous_1)
FN:18,(anonymous_2)
FN:23,(anonymous_3)
FN:28,(anonymous_4)
FN:36,(anonymous_5)
FN:47,(anonymous_6)
FN:57,(anonymous_7)
FN:70,(anonymous_8)
FN:82,(anonymous_9)
FNF:9
FNH:9
FNDA:44,(anonymous_1)
FNDA:103,(anonymous_2)
FNDA:101,(anonymous_3)
FNDA:101,(anonymous_4)
FNDA:12,(anonymous_5)
FNDA:1,(anonymous_6)
FNDA:12,(anonymous_7)
FNDA:9,(anonymous_8)
FNDA:9,(anonymous_9)
DA:2,1
DA:3,1
DA:12,1
DA:18,103
DA:23,101
DA:28,101
DA:36,1
DA:37,12
DA:47,1
DA:48,1
DA:57,1
DA:58,12
DA:70,1
DA:71,9
DA:82,1
DA:83,9
LF:16
LH:16
BRDA:2,1,0,1
BRDA:2,1,1,0
BRDA:3,2,0,1
BRDA:3,2,1,0
BRDA:37,3,0,12
BRDA:37,3,1,11
BRDA:37,3,2,10
BRDA:37,3,3,10
BRF:8
BRH:6
end_of_record
TN:
SF:/home/travis/build/ivmartel/dwv/src/utils/browser.js
FN:9,(anonymous_1)
FN:28,(anonymous_2)
FN:36,(anonymous_3)
FN:48,(anonymous_4)
FN:60,(anonymous_5)
FN:74,(anonymous_6)
FN:83,(anonymous_7)
FN:100,(anonymous_8)
FN:127,(anonymous_9)
FN:136,(anonymous_10)
FN:145,(anonymous_11)
FN:154,(anonymous_12)
FNF:12
FNH:9
FNDA:1,(anonymous_1)
FNDA:1,(anonymous_2)
FNDA:1,(anonymous_3)
FNDA:1,(anonymous_4)
FNDA:1,(anonymous_5)
FNDA:1,(anonymous_6)
FNDA:0,(anonymous_7)
FNDA:1,(anonymous_8)
FNDA:4,(anonymous_9)
FNDA:0,(anonymous_10)
FNDA:32,(anonymous_11)
FNDA:0,(anonymous_12)
DA:2,1
DA:4,1
DA:9,1
DA:12,1
DA:16,1
DA:18,0
DA:19,0
DA:22,1
DA:28,1
DA:30,1
DA:36,1
DA:38,1
DA:42,1
DA:48,1
DA:50,1
DA:54,1
DA:60,1
DA:62,1
DA:66,1
DA:74,1
DA:76,1
DA:83,1
DA:85,0
DA:86,0
DA:87,0
DA:88,0
DA:90,0
DA:92,0
DA:100,1
DA:102,1
DA:103,1
DA:105,1
DA:106,0
DA:107,0
DA:108,0
DA:111,1
DA:112,0
DA:113,0
DA:114,0
DA:117,1
DA:118,0
DA:119,0
DA:120,0
DA:123,1
DA:125,1
DA:127,1
DA:128,4
DA:129,4
DA:130,4
DA:131,4096
DA:133,4
DA:136,1
DA:137,0
DA:138,0
DA:139,0
DA:140,0
DA:142,0
DA:145,1
DA:146,32
DA:147,32
DA:148,32
DA:149,2097152
DA:151,32
DA:154,1
DA:155,0
DA:156,0
DA:157,0
DA:158,0
DA:160,0
DA:164,1
DA:166,0
DA:169,0
DA:172,1
DA:174,0
DA:177,0
LF:75
LH:44
BRDA:2,1,0,1
BRDA:2,1,1,0
BRDA:4,2,0,1
BRDA:4,2,1,1
BRDA:12,3,0,1
BRDA:12,3,1,1
BRDA:12,3,2,1
BRDA:12,3,3,1
BRDA:16,4,0,0
BRDA:16,4,1,1
BRDA:30,5,0,1
BRDA:30,5,1,1
BRDA:38,6,0,1
BRDA:38,6,1,1
BRDA:105,7,0,0
BRDA:105,7,1,1
BRDA:111,8,0,0
BRDA:111,8,1,1
BRDA:117,9,0,0
BRDA:117,9,1,1
BRDA:123,10,0,1
BRDA:123,10,1,0
BRDA:164,11,0,0
BRDA:164,11,1,1
BRDA:172,12,0,0
BRDA:172,12,1,1
BRF:26
BRH:18
end_of_record
TN:
SF:/home/travis/build/ivmartel/dwv/src/utils/i18n.js
FN:17,(anonymous_1)
FN:46,(anonymous_2)
FN:53,(anonymous_3)
FN:62,(anonymous_4)
FN:69,(anonymous_5)
FN:78,(anonymous_6)
FN:87,(anonymous_7)
FN:96,(anonymous_8)
FNF:8
FNH:6
FNDA:2,(anonymous_1)
FNDA:2,(anonymous_2)
FNDA:2,(anonymous_3)
FNDA:2,(anonymous_4)
FNDA:0,(anonymous_5)
FNDA:4,(anonymous_6)
FNDA:4,(anonymous_7)
FNDA:0,(anonymous_8)
DA:2,1
DA:4,1
DA:5,1
DA:6,1
DA:17,1
DA:19,2
DA:20,2
DA:23,2
DA:29,2
DA:31,2
DA:32,0
DA:35,2
DA:38,2
DA:46,1
DA:47,2
DA:53,1
DA:54,2
DA:62,1
DA:63,2
DA:69,1
DA:70,0
DA:78,1
DA:79,4
DA:87,1
DA:88,4
DA:96,1
DA:98,0
DA:100,0
DA:101,0
DA:102,0
LF:30
LH:24
BRDA:2,1,0,1
BRDA:2,1,1,0
BRDA:4,2,0,1
BRDA:4,2,1,0
BRDA:5,3,0,1
BRDA:5,3,1,0
BRDA:6,4,0,1
BRDA:6,4,1,0
BRDA:19,5,0,0
BRDA:19,5,1,2
BRDA:20,6,0,0
BRDA:20,6,1,2
BRDA:31,7,0,0
BRDA:31,7,1,2
BRDA:101,8,0,0
BRDA:101,8,1,0
BRF:16
BRH:7
end_of_record
TN:
SF:/home/travis/build/ivmartel/dwv/src/utils/thread.js
FN:11,(anonymous_1)
FN:24,(anonymous_2)
FN:36,(anonymous_3)
FN:51,(anonymous_4)
FN:71,(anonymous_5)
FN:79,(anonymous_6)
FN:89,(anonymous_7)
FN:103,(anonymous_8)
FN:121,ontaskend
FN:139,(anonymous_10)
FNF:10
FNH:8
FNDA:1,(anonymous_1)
FNDA:1,(anonymous_2)
FNDA:10,(anonymous_3)
FNDA:10,(anonymous_4)
FNDA:0,(anonymous_5)
FNDA:0,(anonymous_6)
FNDA:20,(anonymous_7)
FNDA:10,(anonymous_8)
FNDA:10,ontaskend
FNDA:10,(anonymous_10)
DA:2,1
DA:3,1
DA:11,1
DA:13,1
DA:15,1
DA:17,1
DA:19,1
DA:24,1
DA:26,1
DA:27,20
DA:36,1
DA:37,10
DA:39,10
DA:40,10
DA:43,0
DA:51,1
DA:52,10
DA:53,10
DA:55,0
DA:56,0
DA:59,10
DA:61,10
DA:62,1
DA:71,1
DA:79,1
DA:89,1
DA:91,20
DA:93,20
DA:95,20
DA:97,20
DA:103,20
DA:105,10
DA:107,10
DA:108,10
DA:109,10
DA:111,10
DA:121,1
DA:123,10
DA:125,10
DA:127,10
DA:139,1
DA:141,10
DA:143,10
DA:145,10
LF:44
LH:41
BRDA:2,1,0,1
BRDA:2,1,1,0
BRDA:3,2,0,1
BRDA:3,2,1,0
BRDA:37,3,0,10
BRDA:37,3,1,0
BRDA:53,4,0,0
BRDA:53,4,1,10
BRDA:61,5,0,1
BRDA:61,5,1,9
BRDA:107,6,0,10
BRDA:107,6,1,0
BRF:12
BRH:7
end_of_record
